
**** Clean-only build of configuration Debug for project empty_CC2650STK_TI ****

/home/kensus-t480/ti/ccs1210/ccs/utils/bin/gmake -k -j 8 clean -O 
 
rm -rf  "configPkg/linker.cmd" "configPkg/compiler.opt"  "empty_CC2650STK_TI.out" 
rm -rf "CC2650STK.obj" "ccfg.obj" "empty.obj" "sensors/bmp280.obj" "sensors/hdc1000.obj" "sensors/mpu9250.obj" "sensors/opt3001.obj" "sensors/tmp007.obj" "wireless/CWC_CC2650_154Drv.obj" "wireless/CWC_IntegrTest.obj" "wireless/ERRORS.obj" "wireless/comm_lib.obj" 
rm -rf "CC2650STK.d" "ccfg.d" "empty.d" "sensors/bmp280.d" "sensors/hdc1000.d" "sensors/mpu9250.d" "sensors/opt3001.d" "sensors/tmp007.d" "wireless/CWC_CC2650_154Drv.d" "wireless/CWC_IntegrTest.d" "wireless/ERRORS.d" "wireless/comm_lib.d" 
rm -rf  "configPkg" 
Finished clean
 

**** Build Finished ****

**** Build of configuration Debug for project empty_CC2650STK_TI ****

/home/kensus-t480/ti/ccs1210/ccs/utils/bin/gmake -k -j 8 all -O 
 
Building file: "../empty.cfg"
Invoking: XDCtools
"/home/kensus-t480/ti/xdctools_3_32_00_06_core/xs" --xdcpath="/home/kensus-t480/ti/tirtos_cc13xx_cc26xx_2_21_01_08/packages;/home/kensus-t480/ti/tirtos_cc13xx_cc26xx_2_21_01_08/products/tidrivers_cc13xx_cc26xx_2_21_01_01/packages;/home/kensus-t480/ti/tirtos_cc13xx_cc26xx_2_21_01_08/products/bios_6_46_01_38/packages;/home/kensus-t480/ti/tirtos_cc13xx_cc26xx_2_21_01_08/products/uia_2_01_00_01/packages;" xdc.tools.configuro -o configPkg -t ti.targets.arm.elf.M3 -p ti.platforms.simplelink:CC2650F128 -r release -c "/home/kensus-t480/ti/ccs1210/ccs/tools/compiler/ti-cgt-arm_20.2.7.LTS" --compileOptions "-mv7M3 --code_state=16 --float_support=none -me --include_path=\"/home/kensus-t480/DeveloperCode/computerSystems_2024/empty_CC2650STK_TI\" --include_path=\"/home/kensus-t480/DeveloperCode/computerSystems_2024/empty_CC2650STK_TI\" --include_path=\"/home/kensus-t480/ti/tirtos_cc13xx_cc26xx_2_21_01_08/products/cc26xxware_2_24_03_17272\" --include_path=\"/home/kensus-t480/ti/ccs1210/ccs/tools/compiler/ti-cgt-arm_20.2.7.LTS/include\" --define=ccs -g --diag_warning=225 --diag_warning=255 --diag_wrap=off --display_error_number --gen_func_subsections=on --abi=eabi  " "../empty.cfg"
making package.mak (because of package.bld) ...
generating interfaces for package configPkg (because package/package.xdc.inc is older than package.xdc) ...
configuring empty.xem3 from package/cfg/empty_pem3.cfg ...
generating custom ROM library makefile ... 
Starting build of library sources ...
making /home/kensus-t480/DeveloperCode/computerSystems_2024/empty_CC2650STK_TI/src/sysbios/rom_sysbios.aem3 ...
gmake[1]: Entering directory `/home/kensus-t480/DeveloperCode/computerSystems_2024/empty_CC2650STK_TI/src/sysbios'
clem3 /home/kensus-t480/ti/tirtos_cc13xx_cc26xx_2_21_01_08/products/bios_6_46_01_38/packages/ti/sysbios/BIOS.c ...
asmem3 /home/kensus-t480/ti/tirtos_cc13xx_cc26xx_2_21_01_08/products/bios_6_46_01_38/packages/ti/sysbios/family/arm/m3/Hwi_asm.sv7M ...
asmem3 /home/kensus-t480/ti/tirtos_cc13xx_cc26xx_2_21_01_08/products/bios_6_46_01_38/packages/ti/sysbios/family/arm/m3/Hwi_asm_switch.sv7M ...
asmem3 /home/kensus-t480/ti/tirtos_cc13xx_cc26xx_2_21_01_08/products/bios_6_46_01_38/packages/ti/sysbios/family/arm/m3/IntrinsicsSupport_asm.sv7M ...
asmem3 /home/kensus-t480/ti/tirtos_cc13xx_cc26xx_2_21_01_08/products/bios_6_46_01_38/packages/ti/sysbios/family/arm/m3/TaskSupport_asm.sv7M ...
arem3 rom_sysbios.obj m3_Hwi_asm.obj m3_Hwi_asm_switch.obj m3_IntrinsicsSupport_asm.obj m3_TaskSupport_asm.obj ...
gmake[1]: Leaving directory `/home/kensus-t480/DeveloperCode/computerSystems_2024/empty_CC2650STK_TI/src/sysbios'
Build of libraries done.
clem3 package/cfg/empty_pem3.c ...
"package/cfg/empty_pem3.c", line 7971: warning #112-D: statement is unreachable
Finished building: "../empty.cfg"
 
making ../src/sysbios/rom_sysbios.aem3 ...
gmake[1]: Nothing to be done for 'all'.
Building file: "../ccfg.c"
Invoking: Arm Compiler
"/home/kensus-t480/ti/ccs1210/ccs/tools/compiler/ti-cgt-arm_20.2.7.LTS/bin/armcl" -mv7M3 --code_state=16 --float_support=none -me --include_path="/home/kensus-t480/DeveloperCode/computerSystems_2024/empty_CC2650STK_TI" --include_path="/home/kensus-t480/DeveloperCode/computerSystems_2024/empty_CC2650STK_TI" --include_path="/home/kensus-t480/ti/tirtos_cc13xx_cc26xx_2_21_01_08/products/cc26xxware_2_24_03_17272" --include_path="/home/kensus-t480/ti/ccs1210/ccs/tools/compiler/ti-cgt-arm_20.2.7.LTS/include" --define=ccs -g --diag_warning=225 --diag_warning=255 --diag_wrap=off --display_error_number --gen_func_subsections=on --abi=eabi --preproc_with_compile --preproc_dependency="ccfg.d_raw" --cmd_file="configPkg/compiler.opt"  "../ccfg.c"
Finished building: "../ccfg.c"
 
Building file: "../sensors/tmp007.c"
Invoking: Arm Compiler
"/home/kensus-t480/ti/ccs1210/ccs/tools/compiler/ti-cgt-arm_20.2.7.LTS/bin/armcl" -mv7M3 --code_state=16 --float_support=none -me --include_path="/home/kensus-t480/DeveloperCode/computerSystems_2024/empty_CC2650STK_TI" --include_path="/home/kensus-t480/DeveloperCode/computerSystems_2024/empty_CC2650STK_TI" --include_path="/home/kensus-t480/ti/tirtos_cc13xx_cc26xx_2_21_01_08/products/cc26xxware_2_24_03_17272" --include_path="/home/kensus-t480/ti/ccs1210/ccs/tools/compiler/ti-cgt-arm_20.2.7.LTS/include" --define=ccs -g --diag_warning=225 --diag_warning=255 --diag_wrap=off --display_error_number --gen_func_subsections=on --abi=eabi --preproc_with_compile --preproc_dependency="sensors/tmp007.d_raw" --obj_directory="sensors" --cmd_file="configPkg/compiler.opt"  "../sensors/tmp007.c"
Finished building: "../sensors/tmp007.c"
 
Building file: "../empty.c"
Invoking: Arm Compiler
"/home/kensus-t480/ti/ccs1210/ccs/tools/compiler/ti-cgt-arm_20.2.7.LTS/bin/armcl" -mv7M3 --code_state=16 --float_support=none -me --include_path="/home/kensus-t480/DeveloperCode/computerSystems_2024/empty_CC2650STK_TI" --include_path="/home/kensus-t480/DeveloperCode/computerSystems_2024/empty_CC2650STK_TI" --include_path="/home/kensus-t480/ti/tirtos_cc13xx_cc26xx_2_21_01_08/products/cc26xxware_2_24_03_17272" --include_path="/home/kensus-t480/ti/ccs1210/ccs/tools/compiler/ti-cgt-arm_20.2.7.LTS/include" --define=ccs -g --diag_warning=225 --diag_warning=255 --diag_wrap=off --display_error_number --gen_func_subsections=on --abi=eabi --preproc_with_compile --preproc_dependency="empty.d_raw" --cmd_file="configPkg/compiler.opt"  "../empty.c"
Finished building: "../empty.c"
 
Building file: "../wireless/ERRORS.c"
Invoking: Arm Compiler
"/home/kensus-t480/ti/ccs1210/ccs/tools/compiler/ti-cgt-arm_20.2.7.LTS/bin/armcl" -mv7M3 --code_state=16 --float_support=none -me --include_path="/home/kensus-t480/DeveloperCode/computerSystems_2024/empty_CC2650STK_TI" --include_path="/home/kensus-t480/DeveloperCode/computerSystems_2024/empty_CC2650STK_TI" --include_path="/home/kensus-t480/ti/tirtos_cc13xx_cc26xx_2_21_01_08/products/cc26xxware_2_24_03_17272" --include_path="/home/kensus-t480/ti/ccs1210/ccs/tools/compiler/ti-cgt-arm_20.2.7.LTS/include" --define=ccs -g --diag_warning=225 --diag_warning=255 --diag_wrap=off --display_error_number --gen_func_subsections=on --abi=eabi --preproc_with_compile --preproc_dependency="wireless/ERRORS.d_raw" --obj_directory="wireless" --cmd_file="configPkg/compiler.opt"  "../wireless/ERRORS.c"
Finished building: "../wireless/ERRORS.c"
 
Building file: "../sensors/bmp280.c"
Invoking: Arm Compiler
"/home/kensus-t480/ti/ccs1210/ccs/tools/compiler/ti-cgt-arm_20.2.7.LTS/bin/armcl" -mv7M3 --code_state=16 --float_support=none -me --include_path="/home/kensus-t480/DeveloperCode/computerSystems_2024/empty_CC2650STK_TI" --include_path="/home/kensus-t480/DeveloperCode/computerSystems_2024/empty_CC2650STK_TI" --include_path="/home/kensus-t480/ti/tirtos_cc13xx_cc26xx_2_21_01_08/products/cc26xxware_2_24_03_17272" --include_path="/home/kensus-t480/ti/ccs1210/ccs/tools/compiler/ti-cgt-arm_20.2.7.LTS/include" --define=ccs -g --diag_warning=225 --diag_warning=255 --diag_wrap=off --display_error_number --gen_func_subsections=on --abi=eabi --preproc_with_compile --preproc_dependency="sensors/bmp280.d_raw" --obj_directory="sensors" --cmd_file="configPkg/compiler.opt"  "../sensors/bmp280.c"
Finished building: "../sensors/bmp280.c"
 
Building file: "../sensors/opt3001.c"
Invoking: Arm Compiler
"/home/kensus-t480/ti/ccs1210/ccs/tools/compiler/ti-cgt-arm_20.2.7.LTS/bin/armcl" -mv7M3 --code_state=16 --float_support=none -me --include_path="/home/kensus-t480/DeveloperCode/computerSystems_2024/empty_CC2650STK_TI" --include_path="/home/kensus-t480/DeveloperCode/computerSystems_2024/empty_CC2650STK_TI" --include_path="/home/kensus-t480/ti/tirtos_cc13xx_cc26xx_2_21_01_08/products/cc26xxware_2_24_03_17272" --include_path="/home/kensus-t480/ti/ccs1210/ccs/tools/compiler/ti-cgt-arm_20.2.7.LTS/include" --define=ccs -g --diag_warning=225 --diag_warning=255 --diag_wrap=off --display_error_number --gen_func_subsections=on --abi=eabi --preproc_with_compile --preproc_dependency="sensors/opt3001.d_raw" --obj_directory="sensors" --cmd_file="configPkg/compiler.opt"  "../sensors/opt3001.c"
Finished building: "../sensors/opt3001.c"
 
Building file: "../sensors/hdc1000.c"
Invoking: Arm Compiler
"/home/kensus-t480/ti/ccs1210/ccs/tools/compiler/ti-cgt-arm_20.2.7.LTS/bin/armcl" -mv7M3 --code_state=16 --float_support=none -me --include_path="/home/kensus-t480/DeveloperCode/computerSystems_2024/empty_CC2650STK_TI" --include_path="/home/kensus-t480/DeveloperCode/computerSystems_2024/empty_CC2650STK_TI" --include_path="/home/kensus-t480/ti/tirtos_cc13xx_cc26xx_2_21_01_08/products/cc26xxware_2_24_03_17272" --include_path="/home/kensus-t480/ti/ccs1210/ccs/tools/compiler/ti-cgt-arm_20.2.7.LTS/include" --define=ccs -g --diag_warning=225 --diag_warning=255 --diag_wrap=off --display_error_number --gen_func_subsections=on --abi=eabi --preproc_with_compile --preproc_dependency="sensors/hdc1000.d_raw" --obj_directory="sensors" --cmd_file="configPkg/compiler.opt"  "../sensors/hdc1000.c"
Finished building: "../sensors/hdc1000.c"
 
Building file: "../wireless/CWC_CC2650_154Drv.c"
Invoking: Arm Compiler
"/home/kensus-t480/ti/ccs1210/ccs/tools/compiler/ti-cgt-arm_20.2.7.LTS/bin/armcl" -mv7M3 --code_state=16 --float_support=none -me --include_path="/home/kensus-t480/DeveloperCode/computerSystems_2024/empty_CC2650STK_TI" --include_path="/home/kensus-t480/DeveloperCode/computerSystems_2024/empty_CC2650STK_TI" --include_path="/home/kensus-t480/ti/tirtos_cc13xx_cc26xx_2_21_01_08/products/cc26xxware_2_24_03_17272" --include_path="/home/kensus-t480/ti/ccs1210/ccs/tools/compiler/ti-cgt-arm_20.2.7.LTS/include" --define=ccs -g --diag_warning=225 --diag_warning=255 --diag_wrap=off --display_error_number --gen_func_subsections=on --abi=eabi --preproc_with_compile --preproc_dependency="wireless/CWC_CC2650_154Drv.d_raw" --obj_directory="wireless" --cmd_file="configPkg/compiler.opt"  "../wireless/CWC_CC2650_154Drv.c"
"../wireless/CWC_CC2650_154Drv.c", line 439: warning #515-D: a value of type "CWC_CC2650_IEEE154_simple_packet_struct_t *" cannot be assigned to an entity of type "uint8_t *"
"../wireless/CWC_CC2650_154Drv.c", line 447: warning #112-D: statement is unreachable
"../wireless/CWC_CC2650_154Drv.c", line 451: warning #112-D: statement is unreachable
Finished building: "../wireless/CWC_CC2650_154Drv.c"
 
Building file: "../wireless/CWC_IntegrTest.c"
Invoking: Arm Compiler
"/home/kensus-t480/ti/ccs1210/ccs/tools/compiler/ti-cgt-arm_20.2.7.LTS/bin/armcl" -mv7M3 --code_state=16 --float_support=none -me --include_path="/home/kensus-t480/DeveloperCode/computerSystems_2024/empty_CC2650STK_TI" --include_path="/home/kensus-t480/DeveloperCode/computerSystems_2024/empty_CC2650STK_TI" --include_path="/home/kensus-t480/ti/tirtos_cc13xx_cc26xx_2_21_01_08/products/cc26xxware_2_24_03_17272" --include_path="/home/kensus-t480/ti/ccs1210/ccs/tools/compiler/ti-cgt-arm_20.2.7.LTS/include" --define=ccs -g --diag_warning=225 --diag_warning=255 --diag_wrap=off --display_error_number --gen_func_subsections=on --abi=eabi --preproc_with_compile --preproc_dependency="wireless/CWC_IntegrTest.d_raw" --obj_directory="wireless" --cmd_file="configPkg/compiler.opt"  "../wireless/CWC_IntegrTest.c"
"../wireless/CWC_IntegrTest.c", line 59: warning #112-D: statement is unreachable
Finished building: "../wireless/CWC_IntegrTest.c"
 
Building file: "../CC2650STK.c"
Invoking: Arm Compiler
"/home/kensus-t480/ti/ccs1210/ccs/tools/compiler/ti-cgt-arm_20.2.7.LTS/bin/armcl" -mv7M3 --code_state=16 --float_support=none -me --include_path="/home/kensus-t480/DeveloperCode/computerSystems_2024/empty_CC2650STK_TI" --include_path="/home/kensus-t480/DeveloperCode/computerSystems_2024/empty_CC2650STK_TI" --include_path="/home/kensus-t480/ti/tirtos_cc13xx_cc26xx_2_21_01_08/products/cc26xxware_2_24_03_17272" --include_path="/home/kensus-t480/ti/ccs1210/ccs/tools/compiler/ti-cgt-arm_20.2.7.LTS/include" --define=ccs -g --diag_warning=225 --diag_warning=255 --diag_wrap=off --display_error_number --gen_func_subsections=on --abi=eabi --preproc_with_compile --preproc_dependency="CC2650STK.d_raw" --cmd_file="configPkg/compiler.opt"  "../CC2650STK.c"
Finished building: "../CC2650STK.c"
 
Building file: "../wireless/comm_lib.c"
Invoking: Arm Compiler
"/home/kensus-t480/ti/ccs1210/ccs/tools/compiler/ti-cgt-arm_20.2.7.LTS/bin/armcl" -mv7M3 --code_state=16 --float_support=none -me --include_path="/home/kensus-t480/DeveloperCode/computerSystems_2024/empty_CC2650STK_TI" --include_path="/home/kensus-t480/DeveloperCode/computerSystems_2024/empty_CC2650STK_TI" --include_path="/home/kensus-t480/ti/tirtos_cc13xx_cc26xx_2_21_01_08/products/cc26xxware_2_24_03_17272" --include_path="/home/kensus-t480/ti/ccs1210/ccs/tools/compiler/ti-cgt-arm_20.2.7.LTS/include" --define=ccs -g --diag_warning=225 --diag_warning=255 --diag_wrap=off --display_error_number --gen_func_subsections=on --abi=eabi --preproc_with_compile --preproc_dependency="wireless/comm_lib.d_raw" --obj_directory="wireless" --cmd_file="configPkg/compiler.opt"  "../wireless/comm_lib.c"
"../wireless/comm_lib.c", line 141: warning #169-D: argument of type "volatile uint8_t *" is incompatible with parameter of type "uint8_t *"
"../wireless/comm_lib.c", line 150: warning #515-D: a value of type "uint8_t *" cannot be assigned to an entity of type "int8_t"
"../wireless/comm_lib.c", line 158: warning #515-D: a value of type "void *" cannot be assigned to an entity of type "int32_t"
"../wireless/comm_lib.c", line 161: warning #169-D: argument of type "volatile uint8_t *" is incompatible with parameter of type "uint8_t *"
"../wireless/comm_lib.c", line 195: warning #515-D: a value of type "uint8_t *" cannot be assigned to an entity of type "rfc_dataEntryGeneral_t *"
"../wireless/comm_lib.c", line 196: warning #515-D: a value of type "uint8_t *" cannot be assigned to an entity of type "rfc_dataEntryGeneral_t *"
"../wireless/comm_lib.c", line 197: warning #169-D: argument of type "rfc_dataEntryGeneral_t *" is incompatible with parameter of type "uint8_t *"
"../wireless/comm_lib.c", line 199: warning #515-D: a value of type "rfc_dataEntryGeneral_t *" cannot be assigned to an entity of type "volatile uint8_t *"
"../wireless/comm_lib.c", line 210: warning #515-D: a value of type "uint8_t *" cannot be assigned to an entity of type "rfc_dataEntryGeneral_t *"
"../wireless/comm_lib.c", line 211: warning #515-D: a value of type "uint8_t *" cannot be assigned to an entity of type "rfc_dataEntryGeneral_t *"
"../wireless/comm_lib.c", line 212: warning #169-D: argument of type "rfc_dataEntryGeneral_t *" is incompatible with parameter of type "uint8_t *"
"../wireless/comm_lib.c", line 214: warning #515-D: a value of type "rfc_dataEntryGeneral_t *" cannot be assigned to an entity of type "volatile uint8_t *"
"../wireless/comm_lib.c", line 246: warning #515-D: a value of type "uint8_t *" cannot be assigned to an entity of type "CWC_CC2650_IEEE154_simple_packet_struct_t *"
"../wireless/comm_lib.c", line 248: warning #515-D: a value of type "uint8_t *" cannot be assigned to an entity of type "uint16_t *"
"../wireless/comm_lib.c", line 275: warning #515-D: a value of type "uint8_t *" cannot be assigned to an entity of type "rfc_dataEntryGeneral_t *"
Finished building: "../wireless/comm_lib.c"
 
Building file: "../sensors/mpu9250.c"
Invoking: Arm Compiler
"/home/kensus-t480/ti/ccs1210/ccs/tools/compiler/ti-cgt-arm_20.2.7.LTS/bin/armcl" -mv7M3 --code_state=16 --float_support=none -me --include_path="/home/kensus-t480/DeveloperCode/computerSystems_2024/empty_CC2650STK_TI" --include_path="/home/kensus-t480/DeveloperCode/computerSystems_2024/empty_CC2650STK_TI" --include_path="/home/kensus-t480/ti/tirtos_cc13xx_cc26xx_2_21_01_08/products/cc26xxware_2_24_03_17272" --include_path="/home/kensus-t480/ti/ccs1210/ccs/tools/compiler/ti-cgt-arm_20.2.7.LTS/include" --define=ccs -g --diag_warning=225 --diag_warning=255 --diag_wrap=off --display_error_number --gen_func_subsections=on --abi=eabi --preproc_with_compile --preproc_dependency="sensors/mpu9250.d_raw" --obj_directory="sensors" --cmd_file="configPkg/compiler.opt"  "../sensors/mpu9250.c"
Finished building: "../sensors/mpu9250.c"
 
making ../src/sysbios/rom_sysbios.aem3 ...
gmake[2]: Nothing to be done for 'all'.
Building target: "empty_CC2650STK_TI.out"
Invoking: Arm Linker
"/home/kensus-t480/ti/ccs1210/ccs/tools/compiler/ti-cgt-arm_20.2.7.LTS/bin/armcl" -mv7M3 --code_state=16 --float_support=none -me --define=ccs -g --diag_warning=225 --diag_warning=255 --diag_wrap=off --display_error_number --gen_func_subsections=on --abi=eabi -z -m"empty_CC2650STK_TI.map" --heap_size=0 --stack_size=256 -i"/home/kensus-t480/ti/ccs1210/ccs/tools/compiler/ti-cgt-arm_20.2.7.LTS/lib" -i"/home/kensus-t480/ti/ccs1210/ccs/tools/compiler/ti-cgt-arm_20.2.7.LTS/include" --reread_libs --diag_wrap=off --display_error_number --warn_sections --xml_link_info="empty_CC2650STK_TI_linkInfo.xml" --rom_model -o "empty_CC2650STK_TI.out" "./CC2650STK.obj" "./ccfg.obj" "./empty.obj" "./sensors/bmp280.obj" "./sensors/hdc1000.obj" "./sensors/mpu9250.obj" "./sensors/opt3001.obj" "./sensors/tmp007.obj" "./wireless/CWC_CC2650_154Drv.obj" "./wireless/CWC_IntegrTest.obj" "./wireless/ERRORS.obj" "./wireless/comm_lib.obj" "../CC2650STK.cmd" -l"configPkg/linker.cmd"  -l"/home/kensus-t480/ti/tirtos_cc13xx_cc26xx_2_21_01_08/products/cc26xxware_2_24_03_17272/driverlib/bin/ccs/driverlib.lib" -llibc.a 
<Linking>
Finished building target: "empty_CC2650STK_TI.out"
 

**** Build Finished ****

**** Build of configuration Debug for project empty_CC2650STK_TI ****

/home/kensus-t480/ti/ccs1210/ccs/utils/bin/gmake -k -j 8 all -O 
 
making ../src/sysbios/rom_sysbios.aem3 ...
gmake[1]: Nothing to be done for 'all'.
making ../src/sysbios/rom_sysbios.aem3 ...
gmake[2]: Nothing to be done for 'all'.

**** Build Finished ****

**** Clean-only build of configuration Debug for project empty_CC2650STK_TI ****

/home/kensus-t480/ti/ccs1210/ccs/utils/bin/gmake -k -j 8 clean -O 
 
cleaning ../src/sysbios ...
rm -rf  "configPkg/linker.cmd" "configPkg/compiler.opt"  "empty_CC2650STK_TI.out" 
rm -rf "CC2650STK.obj" "ccfg.obj" "empty.obj" "sensors/bmp280.obj" "sensors/hdc1000.obj" "sensors/mpu9250.obj" "sensors/opt3001.obj" "sensors/tmp007.obj" "wireless/CWC_CC2650_154Drv.obj" "wireless/CWC_IntegrTest.obj" "wireless/ERRORS.obj" "wireless/comm_lib.obj" 
rm -rf "CC2650STK.d" "ccfg.d" "empty.d" "sensors/bmp280.d" "sensors/hdc1000.d" "sensors/mpu9250.d" "sensors/opt3001.d" "sensors/tmp007.d" "wireless/CWC_CC2650_154Drv.d" "wireless/CWC_IntegrTest.d" "wireless/ERRORS.d" "wireless/comm_lib.d" 
rm -rf  "configPkg" 
Finished clean
 

**** Build Finished ****

**** Build of configuration Debug for project empty_CC2650STK_TI ****

/home/kensus-t480/ti/ccs1210/ccs/utils/bin/gmake -k -j 8 all -O 
 
Building file: "../empty.cfg"
Invoking: XDCtools
"/home/kensus-t480/ti/xdctools_3_32_00_06_core/xs" --xdcpath="/home/kensus-t480/ti/tirtos_cc13xx_cc26xx_2_21_01_08/packages;/home/kensus-t480/ti/tirtos_cc13xx_cc26xx_2_21_01_08/products/tidrivers_cc13xx_cc26xx_2_21_01_01/packages;/home/kensus-t480/ti/tirtos_cc13xx_cc26xx_2_21_01_08/products/bios_6_46_01_38/packages;/home/kensus-t480/ti/tirtos_cc13xx_cc26xx_2_21_01_08/products/uia_2_01_00_01/packages;" xdc.tools.configuro -o configPkg -t ti.targets.arm.elf.M3 -p ti.platforms.simplelink:CC2650F128 -r release -c "/home/kensus-t480/ti/ccs1210/ccs/tools/compiler/ti-cgt-arm_20.2.7.LTS" --compileOptions "-mv7M3 --code_state=16 --float_support=none -me --include_path=\"/home/kensus-t480/DeveloperCode/Learn-C-and-Cpp/computerSystems_2024/empty_CC2650STK_TI\" --include_path=\"/home/kensus-t480/DeveloperCode/Learn-C-and-Cpp/computerSystems_2024/empty_CC2650STK_TI\" --include_path=\"/home/kensus-t480/ti/tirtos_cc13xx_cc26xx_2_21_01_08/products/cc26xxware_2_24_03_17272\" --include_path=\"/home/kensus-t480/ti/ccs1210/ccs/tools/compiler/ti-cgt-arm_20.2.7.LTS/include\" --define=ccs -g --diag_warning=225 --diag_warning=255 --diag_wrap=off --display_error_number --gen_func_subsections=on --abi=eabi  " "../empty.cfg"
making package.mak (because of package.bld) ...
generating interfaces for package configPkg (because package/package.xdc.inc is older than package.xdc) ...
configuring empty.xem3 from package/cfg/empty_pem3.cfg ...
generating custom ROM library makefile ... 
Starting build of library sources ...
making /home/kensus-t480/DeveloperCode/Learn-C-and-Cpp/computerSystems_2024/empty_CC2650STK_TI/src/sysbios/rom_sysbios.aem3 ...
gmake[1]: Entering directory `/home/kensus-t480/DeveloperCode/Learn-C-and-Cpp/computerSystems_2024/empty_CC2650STK_TI/src/sysbios'
clem3 /home/kensus-t480/ti/tirtos_cc13xx_cc26xx_2_21_01_08/products/bios_6_46_01_38/packages/ti/sysbios/BIOS.c ...
asmem3 /home/kensus-t480/ti/tirtos_cc13xx_cc26xx_2_21_01_08/products/bios_6_46_01_38/packages/ti/sysbios/family/arm/m3/Hwi_asm.sv7M ...
asmem3 /home/kensus-t480/ti/tirtos_cc13xx_cc26xx_2_21_01_08/products/bios_6_46_01_38/packages/ti/sysbios/family/arm/m3/Hwi_asm_switch.sv7M ...
asmem3 /home/kensus-t480/ti/tirtos_cc13xx_cc26xx_2_21_01_08/products/bios_6_46_01_38/packages/ti/sysbios/family/arm/m3/IntrinsicsSupport_asm.sv7M ...
asmem3 /home/kensus-t480/ti/tirtos_cc13xx_cc26xx_2_21_01_08/products/bios_6_46_01_38/packages/ti/sysbios/family/arm/m3/TaskSupport_asm.sv7M ...
arem3 rom_sysbios.obj m3_Hwi_asm.obj m3_Hwi_asm_switch.obj m3_IntrinsicsSupport_asm.obj m3_TaskSupport_asm.obj ...
gmake[1]: Leaving directory `/home/kensus-t480/DeveloperCode/Learn-C-and-Cpp/computerSystems_2024/empty_CC2650STK_TI/src/sysbios'
Build of libraries done.
clem3 package/cfg/empty_pem3.c ...
"package/cfg/empty_pem3.c", line 7971: warning #112-D: statement is unreachable
Finished building: "../empty.cfg"
 
making ../src/sysbios/rom_sysbios.aem3 ...
gmake[1]: Nothing to be done for 'all'.
Building file: "../ccfg.c"
Invoking: Arm Compiler
"/home/kensus-t480/ti/ccs1210/ccs/tools/compiler/ti-cgt-arm_20.2.7.LTS/bin/armcl" -mv7M3 --code_state=16 --float_support=none -me --include_path="/home/kensus-t480/DeveloperCode/Learn-C-and-Cpp/computerSystems_2024/empty_CC2650STK_TI" --include_path="/home/kensus-t480/DeveloperCode/Learn-C-and-Cpp/computerSystems_2024/empty_CC2650STK_TI" --include_path="/home/kensus-t480/ti/tirtos_cc13xx_cc26xx_2_21_01_08/products/cc26xxware_2_24_03_17272" --include_path="/home/kensus-t480/ti/ccs1210/ccs/tools/compiler/ti-cgt-arm_20.2.7.LTS/include" --define=ccs -g --diag_warning=225 --diag_warning=255 --diag_wrap=off --display_error_number --gen_func_subsections=on --abi=eabi --preproc_with_compile --preproc_dependency="ccfg.d_raw" --cmd_file="configPkg/compiler.opt"  "../ccfg.c"
Finished building: "../ccfg.c"
 
Building file: "../uart_task.c"
Invoking: Arm Compiler
"/home/kensus-t480/ti/ccs1210/ccs/tools/compiler/ti-cgt-arm_20.2.7.LTS/bin/armcl" -mv7M3 --code_state=16 --float_support=none -me --include_path="/home/kensus-t480/DeveloperCode/Learn-C-and-Cpp/computerSystems_2024/empty_CC2650STK_TI" --include_path="/home/kensus-t480/DeveloperCode/Learn-C-and-Cpp/computerSystems_2024/empty_CC2650STK_TI" --include_path="/home/kensus-t480/ti/tirtos_cc13xx_cc26xx_2_21_01_08/products/cc26xxware_2_24_03_17272" --include_path="/home/kensus-t480/ti/ccs1210/ccs/tools/compiler/ti-cgt-arm_20.2.7.LTS/include" --define=ccs -g --diag_warning=225 --diag_warning=255 --diag_wrap=off --display_error_number --gen_func_subsections=on --abi=eabi --preproc_with_compile --preproc_dependency="uart_task.d_raw" --cmd_file="configPkg/compiler.opt"  "../uart_task.c"
 
>> Compilation failure
subdir_rules.mk:7: recipe for target 'uart_task.obj' failed
"../uart_task.c", line 69: error #18: expected a ")"
1 error detected in the compilation of "../uart_task.c".
gmake: *** [uart_task.obj] Error 1
Building file: "../sensors/hdc1000.c"
Invoking: Arm Compiler
"/home/kensus-t480/ti/ccs1210/ccs/tools/compiler/ti-cgt-arm_20.2.7.LTS/bin/armcl" -mv7M3 --code_state=16 --float_support=none -me --include_path="/home/kensus-t480/DeveloperCode/Learn-C-and-Cpp/computerSystems_2024/empty_CC2650STK_TI" --include_path="/home/kensus-t480/DeveloperCode/Learn-C-and-Cpp/computerSystems_2024/empty_CC2650STK_TI" --include_path="/home/kensus-t480/ti/tirtos_cc13xx_cc26xx_2_21_01_08/products/cc26xxware_2_24_03_17272" --include_path="/home/kensus-t480/ti/ccs1210/ccs/tools/compiler/ti-cgt-arm_20.2.7.LTS/include" --define=ccs -g --diag_warning=225 --diag_warning=255 --diag_wrap=off --display_error_number --gen_func_subsections=on --abi=eabi --preproc_with_compile --preproc_dependency="sensors/hdc1000.d_raw" --obj_directory="sensors" --cmd_file="configPkg/compiler.opt"  "../sensors/hdc1000.c"
Finished building: "../sensors/hdc1000.c"
 
Building file: "../sensors/bmp280.c"
Invoking: Arm Compiler
"/home/kensus-t480/ti/ccs1210/ccs/tools/compiler/ti-cgt-arm_20.2.7.LTS/bin/armcl" -mv7M3 --code_state=16 --float_support=none -me --include_path="/home/kensus-t480/DeveloperCode/Learn-C-and-Cpp/computerSystems_2024/empty_CC2650STK_TI" --include_path="/home/kensus-t480/DeveloperCode/Learn-C-and-Cpp/computerSystems_2024/empty_CC2650STK_TI" --include_path="/home/kensus-t480/ti/tirtos_cc13xx_cc26xx_2_21_01_08/products/cc26xxware_2_24_03_17272" --include_path="/home/kensus-t480/ti/ccs1210/ccs/tools/compiler/ti-cgt-arm_20.2.7.LTS/include" --define=ccs -g --diag_warning=225 --diag_warning=255 --diag_wrap=off --display_error_number --gen_func_subsections=on --abi=eabi --preproc_with_compile --preproc_dependency="sensors/bmp280.d_raw" --obj_directory="sensors" --cmd_file="configPkg/compiler.opt"  "../sensors/bmp280.c"
Finished building: "../sensors/bmp280.c"
 
Building file: "../sensors/tmp007.c"
Invoking: Arm Compiler
"/home/kensus-t480/ti/ccs1210/ccs/tools/compiler/ti-cgt-arm_20.2.7.LTS/bin/armcl" -mv7M3 --code_state=16 --float_support=none -me --include_path="/home/kensus-t480/DeveloperCode/Learn-C-and-Cpp/computerSystems_2024/empty_CC2650STK_TI" --include_path="/home/kensus-t480/DeveloperCode/Learn-C-and-Cpp/computerSystems_2024/empty_CC2650STK_TI" --include_path="/home/kensus-t480/ti/tirtos_cc13xx_cc26xx_2_21_01_08/products/cc26xxware_2_24_03_17272" --include_path="/home/kensus-t480/ti/ccs1210/ccs/tools/compiler/ti-cgt-arm_20.2.7.LTS/include" --define=ccs -g --diag_warning=225 --diag_warning=255 --diag_wrap=off --display_error_number --gen_func_subsections=on --abi=eabi --preproc_with_compile --preproc_dependency="sensors/tmp007.d_raw" --obj_directory="sensors" --cmd_file="configPkg/compiler.opt"  "../sensors/tmp007.c"
Finished building: "../sensors/tmp007.c"
 
Building file: "../wireless/ERRORS.c"
Invoking: Arm Compiler
"/home/kensus-t480/ti/ccs1210/ccs/tools/compiler/ti-cgt-arm_20.2.7.LTS/bin/armcl" -mv7M3 --code_state=16 --float_support=none -me --include_path="/home/kensus-t480/DeveloperCode/Learn-C-and-Cpp/computerSystems_2024/empty_CC2650STK_TI" --include_path="/home/kensus-t480/DeveloperCode/Learn-C-and-Cpp/computerSystems_2024/empty_CC2650STK_TI" --include_path="/home/kensus-t480/ti/tirtos_cc13xx_cc26xx_2_21_01_08/products/cc26xxware_2_24_03_17272" --include_path="/home/kensus-t480/ti/ccs1210/ccs/tools/compiler/ti-cgt-arm_20.2.7.LTS/include" --define=ccs -g --diag_warning=225 --diag_warning=255 --diag_wrap=off --display_error_number --gen_func_subsections=on --abi=eabi --preproc_with_compile --preproc_dependency="wireless/ERRORS.d_raw" --obj_directory="wireless" --cmd_file="configPkg/compiler.opt"  "../wireless/ERRORS.c"
Finished building: "../wireless/ERRORS.c"
 
Building file: "../empty.c"
Invoking: Arm Compiler
"/home/kensus-t480/ti/ccs1210/ccs/tools/compiler/ti-cgt-arm_20.2.7.LTS/bin/armcl" -mv7M3 --code_state=16 --float_support=none -me --include_path="/home/kensus-t480/DeveloperCode/Learn-C-and-Cpp/computerSystems_2024/empty_CC2650STK_TI" --include_path="/home/kensus-t480/DeveloperCode/Learn-C-and-Cpp/computerSystems_2024/empty_CC2650STK_TI" --include_path="/home/kensus-t480/ti/tirtos_cc13xx_cc26xx_2_21_01_08/products/cc26xxware_2_24_03_17272" --include_path="/home/kensus-t480/ti/ccs1210/ccs/tools/compiler/ti-cgt-arm_20.2.7.LTS/include" --define=ccs -g --diag_warning=225 --diag_warning=255 --diag_wrap=off --display_error_number --gen_func_subsections=on --abi=eabi --preproc_with_compile --preproc_dependency="empty.d_raw" --cmd_file="configPkg/compiler.opt"  "../empty.c"
Finished building: "../empty.c"
 
Building file: "../task_example.c"
Invoking: Arm Compiler
"/home/kensus-t480/ti/ccs1210/ccs/tools/compiler/ti-cgt-arm_20.2.7.LTS/bin/armcl" -mv7M3 --code_state=16 --float_support=none -me --include_path="/home/kensus-t480/DeveloperCode/Learn-C-and-Cpp/computerSystems_2024/empty_CC2650STK_TI" --include_path="/home/kensus-t480/DeveloperCode/Learn-C-and-Cpp/computerSystems_2024/empty_CC2650STK_TI" --include_path="/home/kensus-t480/ti/tirtos_cc13xx_cc26xx_2_21_01_08/products/cc26xxware_2_24_03_17272" --include_path="/home/kensus-t480/ti/ccs1210/ccs/tools/compiler/ti-cgt-arm_20.2.7.LTS/include" --define=ccs -g --diag_warning=225 --diag_warning=255 --diag_wrap=off --display_error_number --gen_func_subsections=on --abi=eabi --preproc_with_compile --preproc_dependency="task_example.d_raw" --cmd_file="configPkg/compiler.opt"  "../task_example.c"
Finished building: "../task_example.c"
 
Building file: "../sensors/opt3001.c"
Invoking: Arm Compiler
"/home/kensus-t480/ti/ccs1210/ccs/tools/compiler/ti-cgt-arm_20.2.7.LTS/bin/armcl" -mv7M3 --code_state=16 --float_support=none -me --include_path="/home/kensus-t480/DeveloperCode/Learn-C-and-Cpp/computerSystems_2024/empty_CC2650STK_TI" --include_path="/home/kensus-t480/DeveloperCode/Learn-C-and-Cpp/computerSystems_2024/empty_CC2650STK_TI" --include_path="/home/kensus-t480/ti/tirtos_cc13xx_cc26xx_2_21_01_08/products/cc26xxware_2_24_03_17272" --include_path="/home/kensus-t480/ti/ccs1210/ccs/tools/compiler/ti-cgt-arm_20.2.7.LTS/include" --define=ccs -g --diag_warning=225 --diag_warning=255 --diag_wrap=off --display_error_number --gen_func_subsections=on --abi=eabi --preproc_with_compile --preproc_dependency="sensors/opt3001.d_raw" --obj_directory="sensors" --cmd_file="configPkg/compiler.opt"  "../sensors/opt3001.c"
Finished building: "../sensors/opt3001.c"
 
Building file: "../wireless/CWC_IntegrTest.c"
Invoking: Arm Compiler
"/home/kensus-t480/ti/ccs1210/ccs/tools/compiler/ti-cgt-arm_20.2.7.LTS/bin/armcl" -mv7M3 --code_state=16 --float_support=none -me --include_path="/home/kensus-t480/DeveloperCode/Learn-C-and-Cpp/computerSystems_2024/empty_CC2650STK_TI" --include_path="/home/kensus-t480/DeveloperCode/Learn-C-and-Cpp/computerSystems_2024/empty_CC2650STK_TI" --include_path="/home/kensus-t480/ti/tirtos_cc13xx_cc26xx_2_21_01_08/products/cc26xxware_2_24_03_17272" --include_path="/home/kensus-t480/ti/ccs1210/ccs/tools/compiler/ti-cgt-arm_20.2.7.LTS/include" --define=ccs -g --diag_warning=225 --diag_warning=255 --diag_wrap=off --display_error_number --gen_func_subsections=on --abi=eabi --preproc_with_compile --preproc_dependency="wireless/CWC_IntegrTest.d_raw" --obj_directory="wireless" --cmd_file="configPkg/compiler.opt"  "../wireless/CWC_IntegrTest.c"
"../wireless/CWC_IntegrTest.c", line 59: warning #112-D: statement is unreachable
Finished building: "../wireless/CWC_IntegrTest.c"
 
Building file: "../CC2650STK.c"
Invoking: Arm Compiler
"/home/kensus-t480/ti/ccs1210/ccs/tools/compiler/ti-cgt-arm_20.2.7.LTS/bin/armcl" -mv7M3 --code_state=16 --float_support=none -me --include_path="/home/kensus-t480/DeveloperCode/Learn-C-and-Cpp/computerSystems_2024/empty_CC2650STK_TI" --include_path="/home/kensus-t480/DeveloperCode/Learn-C-and-Cpp/computerSystems_2024/empty_CC2650STK_TI" --include_path="/home/kensus-t480/ti/tirtos_cc13xx_cc26xx_2_21_01_08/products/cc26xxware_2_24_03_17272" --include_path="/home/kensus-t480/ti/ccs1210/ccs/tools/compiler/ti-cgt-arm_20.2.7.LTS/include" --define=ccs -g --diag_warning=225 --diag_warning=255 --diag_wrap=off --display_error_number --gen_func_subsections=on --abi=eabi --preproc_with_compile --preproc_dependency="CC2650STK.d_raw" --cmd_file="configPkg/compiler.opt"  "../CC2650STK.c"
Finished building: "../CC2650STK.c"
 
Building file: "../wireless/CWC_CC2650_154Drv.c"
Invoking: Arm Compiler
"/home/kensus-t480/ti/ccs1210/ccs/tools/compiler/ti-cgt-arm_20.2.7.LTS/bin/armcl" -mv7M3 --code_state=16 --float_support=none -me --include_path="/home/kensus-t480/DeveloperCode/Learn-C-and-Cpp/computerSystems_2024/empty_CC2650STK_TI" --include_path="/home/kensus-t480/DeveloperCode/Learn-C-and-Cpp/computerSystems_2024/empty_CC2650STK_TI" --include_path="/home/kensus-t480/ti/tirtos_cc13xx_cc26xx_2_21_01_08/products/cc26xxware_2_24_03_17272" --include_path="/home/kensus-t480/ti/ccs1210/ccs/tools/compiler/ti-cgt-arm_20.2.7.LTS/include" --define=ccs -g --diag_warning=225 --diag_warning=255 --diag_wrap=off --display_error_number --gen_func_subsections=on --abi=eabi --preproc_with_compile --preproc_dependency="wireless/CWC_CC2650_154Drv.d_raw" --obj_directory="wireless" --cmd_file="configPkg/compiler.opt"  "../wireless/CWC_CC2650_154Drv.c"
"../wireless/CWC_CC2650_154Drv.c", line 439: warning #515-D: a value of type "CWC_CC2650_IEEE154_simple_packet_struct_t *" cannot be assigned to an entity of type "uint8_t *"
"../wireless/CWC_CC2650_154Drv.c", line 447: warning #112-D: statement is unreachable
"../wireless/CWC_CC2650_154Drv.c", line 451: warning #112-D: statement is unreachable
Finished building: "../wireless/CWC_CC2650_154Drv.c"
 
Building file: "../wireless/comm_lib.c"
Invoking: Arm Compiler
"/home/kensus-t480/ti/ccs1210/ccs/tools/compiler/ti-cgt-arm_20.2.7.LTS/bin/armcl" -mv7M3 --code_state=16 --float_support=none -me --include_path="/home/kensus-t480/DeveloperCode/Learn-C-and-Cpp/computerSystems_2024/empty_CC2650STK_TI" --include_path="/home/kensus-t480/DeveloperCode/Learn-C-and-Cpp/computerSystems_2024/empty_CC2650STK_TI" --include_path="/home/kensus-t480/ti/tirtos_cc13xx_cc26xx_2_21_01_08/products/cc26xxware_2_24_03_17272" --include_path="/home/kensus-t480/ti/ccs1210/ccs/tools/compiler/ti-cgt-arm_20.2.7.LTS/include" --define=ccs -g --diag_warning=225 --diag_warning=255 --diag_wrap=off --display_error_number --gen_func_subsections=on --abi=eabi --preproc_with_compile --preproc_dependency="wireless/comm_lib.d_raw" --obj_directory="wireless" --cmd_file="configPkg/compiler.opt"  "../wireless/comm_lib.c"
"../wireless/comm_lib.c", line 141: warning #169-D: argument of type "volatile uint8_t *" is incompatible with parameter of type "uint8_t *"
"../wireless/comm_lib.c", line 150: warning #515-D: a value of type "uint8_t *" cannot be assigned to an entity of type "int8_t"
"../wireless/comm_lib.c", line 158: warning #515-D: a value of type "void *" cannot be assigned to an entity of type "int32_t"
"../wireless/comm_lib.c", line 161: warning #169-D: argument of type "volatile uint8_t *" is incompatible with parameter of type "uint8_t *"
"../wireless/comm_lib.c", line 195: warning #515-D: a value of type "uint8_t *" cannot be assigned to an entity of type "rfc_dataEntryGeneral_t *"
"../wireless/comm_lib.c", line 196: warning #515-D: a value of type "uint8_t *" cannot be assigned to an entity of type "rfc_dataEntryGeneral_t *"
"../wireless/comm_lib.c", line 197: warning #169-D: argument of type "rfc_dataEntryGeneral_t *" is incompatible with parameter of type "uint8_t *"
"../wireless/comm_lib.c", line 199: warning #515-D: a value of type "rfc_dataEntryGeneral_t *" cannot be assigned to an entity of type "volatile uint8_t *"
"../wireless/comm_lib.c", line 210: warning #515-D: a value of type "uint8_t *" cannot be assigned to an entity of type "rfc_dataEntryGeneral_t *"
"../wireless/comm_lib.c", line 211: warning #515-D: a value of type "uint8_t *" cannot be assigned to an entity of type "rfc_dataEntryGeneral_t *"
"../wireless/comm_lib.c", line 212: warning #169-D: argument of type "rfc_dataEntryGeneral_t *" is incompatible with parameter of type "uint8_t *"
"../wireless/comm_lib.c", line 214: warning #515-D: a value of type "rfc_dataEntryGeneral_t *" cannot be assigned to an entity of type "volatile uint8_t *"
"../wireless/comm_lib.c", line 246: warning #515-D: a value of type "uint8_t *" cannot be assigned to an entity of type "CWC_CC2650_IEEE154_simple_packet_struct_t *"
"../wireless/comm_lib.c", line 248: warning #515-D: a value of type "uint8_t *" cannot be assigned to an entity of type "uint16_t *"
"../wireless/comm_lib.c", line 275: warning #515-D: a value of type "uint8_t *" cannot be assigned to an entity of type "rfc_dataEntryGeneral_t *"
Finished building: "../wireless/comm_lib.c"
 
Building file: "../sensors/mpu9250.c"
Invoking: Arm Compiler
"/home/kensus-t480/ti/ccs1210/ccs/tools/compiler/ti-cgt-arm_20.2.7.LTS/bin/armcl" -mv7M3 --code_state=16 --float_support=none -me --include_path="/home/kensus-t480/DeveloperCode/Learn-C-and-Cpp/computerSystems_2024/empty_CC2650STK_TI" --include_path="/home/kensus-t480/DeveloperCode/Learn-C-and-Cpp/computerSystems_2024/empty_CC2650STK_TI" --include_path="/home/kensus-t480/ti/tirtos_cc13xx_cc26xx_2_21_01_08/products/cc26xxware_2_24_03_17272" --include_path="/home/kensus-t480/ti/ccs1210/ccs/tools/compiler/ti-cgt-arm_20.2.7.LTS/include" --define=ccs -g --diag_warning=225 --diag_warning=255 --diag_wrap=off --display_error_number --gen_func_subsections=on --abi=eabi --preproc_with_compile --preproc_dependency="sensors/mpu9250.d_raw" --obj_directory="sensors" --cmd_file="configPkg/compiler.opt"  "../sensors/mpu9250.c"
Finished building: "../sensors/mpu9250.c"
 
gmake: Target 'all' not remade because of errors.

**** Build Finished ****

**** Clean-only build of configuration Debug for project empty_CC2650STK_TI ****

/home/kensus-t480/ti/ccs1210/ccs/utils/bin/gmake -k -j 8 clean -O 
 
cleaning ../src/sysbios ...
rm -rf  "configPkg/linker.cmd" "configPkg/compiler.opt"  "empty_CC2650STK_TI.out" 
rm -rf "CC2650STK.obj" "ccfg.obj" "empty.obj" "task_example.obj" "uart_task.obj" "sensors/bmp280.obj" "sensors/hdc1000.obj" "sensors/mpu9250.obj" "sensors/opt3001.obj" "sensors/tmp007.obj" "wireless/CWC_CC2650_154Drv.obj" "wireless/CWC_IntegrTest.obj" "wireless/ERRORS.obj" "wireless/comm_lib.obj" 
rm -rf "CC2650STK.d" "ccfg.d" "empty.d" "task_example.d" "uart_task.d" "sensors/bmp280.d" "sensors/hdc1000.d" "sensors/mpu9250.d" "sensors/opt3001.d" "sensors/tmp007.d" "wireless/CWC_CC2650_154Drv.d" "wireless/CWC_IntegrTest.d" "wireless/ERRORS.d" "wireless/comm_lib.d" 
rm -rf  "configPkg" 
Finished clean
 

**** Build Finished ****

**** Clean-only build of configuration Debug for project empty_CC2650STK_TI ****

/home/kensus-t480/ti/ccs1210/ccs/utils/bin/gmake -k -j 8 clean -O 
 
rm -rf  "configPkg/linker.cmd" "configPkg/compiler.opt"  "empty_CC2650STK_TI.out" 
rm -rf "CC2650STK.obj" "ccfg.obj" "empty.obj" "task_example.obj" "uart_task.obj" "sensors/bmp280.obj" "sensors/hdc1000.obj" "sensors/mpu9250.obj" "sensors/opt3001.obj" "sensors/tmp007.obj" "wireless/CWC_CC2650_154Drv.obj" "wireless/CWC_IntegrTest.obj" "wireless/ERRORS.obj" "wireless/comm_lib.obj" 
rm -rf "CC2650STK.d" "ccfg.d" "empty.d" "task_example.d" "uart_task.d" "sensors/bmp280.d" "sensors/hdc1000.d" "sensors/mpu9250.d" "sensors/opt3001.d" "sensors/tmp007.d" "wireless/CWC_CC2650_154Drv.d" "wireless/CWC_IntegrTest.d" "wireless/ERRORS.d" "wireless/comm_lib.d" 
rm -rf  "configPkg" 
Finished clean
 

**** Build Finished ****

**** Build of configuration Debug for project empty_CC2650STK_TI ****

/home/kensus-t480/ti/ccs1210/ccs/utils/bin/gmake -k -j 8 all -O 
 
Building file: "../empty.cfg"
Invoking: XDCtools
"/home/kensus-t480/ti/xdctools_3_32_00_06_core/xs" --xdcpath="/home/kensus-t480/ti/tirtos_cc13xx_cc26xx_2_21_01_08/packages;/home/kensus-t480/ti/tirtos_cc13xx_cc26xx_2_21_01_08/products/tidrivers_cc13xx_cc26xx_2_21_01_01/packages;/home/kensus-t480/ti/tirtos_cc13xx_cc26xx_2_21_01_08/products/bios_6_46_01_38/packages;/home/kensus-t480/ti/tirtos_cc13xx_cc26xx_2_21_01_08/products/uia_2_01_00_01/packages;" xdc.tools.configuro -o configPkg -t ti.targets.arm.elf.M3 -p ti.platforms.simplelink:CC2650F128 -r release -c "/home/kensus-t480/ti/ccs1210/ccs/tools/compiler/ti-cgt-arm_20.2.7.LTS" --compileOptions "-mv7M3 --code_state=16 --float_support=none -me --include_path=\"/home/kensus-t480/DeveloperCode/Learn-C-and-Cpp/computerSystems_2024/empty_CC2650STK_TI\" --include_path=\"/home/kensus-t480/DeveloperCode/Learn-C-and-Cpp/computerSystems_2024/empty_CC2650STK_TI\" --include_path=\"/home/kensus-t480/ti/tirtos_cc13xx_cc26xx_2_21_01_08/products/cc26xxware_2_24_03_17272\" --include_path=\"/home/kensus-t480/ti/ccs1210/ccs/tools/compiler/ti-cgt-arm_20.2.7.LTS/include\" --define=ccs -g --diag_warning=225 --diag_warning=255 --diag_wrap=off --display_error_number --gen_func_subsections=on --abi=eabi  " "../empty.cfg"
making package.mak (because of package.bld) ...
generating interfaces for package configPkg (because package/package.xdc.inc is older than package.xdc) ...
configuring empty.xem3 from package/cfg/empty_pem3.cfg ...
generating custom ROM library makefile ... 
Starting build of library sources ...
making /home/kensus-t480/DeveloperCode/Learn-C-and-Cpp/computerSystems_2024/empty_CC2650STK_TI/src/sysbios/rom_sysbios.aem3 ...
gmake[1]: Entering directory `/home/kensus-t480/DeveloperCode/Learn-C-and-Cpp/computerSystems_2024/empty_CC2650STK_TI/src/sysbios'
clem3 /home/kensus-t480/ti/tirtos_cc13xx_cc26xx_2_21_01_08/products/bios_6_46_01_38/packages/ti/sysbios/BIOS.c ...
asmem3 /home/kensus-t480/ti/tirtos_cc13xx_cc26xx_2_21_01_08/products/bios_6_46_01_38/packages/ti/sysbios/family/arm/m3/Hwi_asm.sv7M ...
asmem3 /home/kensus-t480/ti/tirtos_cc13xx_cc26xx_2_21_01_08/products/bios_6_46_01_38/packages/ti/sysbios/family/arm/m3/Hwi_asm_switch.sv7M ...
asmem3 /home/kensus-t480/ti/tirtos_cc13xx_cc26xx_2_21_01_08/products/bios_6_46_01_38/packages/ti/sysbios/family/arm/m3/IntrinsicsSupport_asm.sv7M ...
asmem3 /home/kensus-t480/ti/tirtos_cc13xx_cc26xx_2_21_01_08/products/bios_6_46_01_38/packages/ti/sysbios/family/arm/m3/TaskSupport_asm.sv7M ...
arem3 rom_sysbios.obj m3_Hwi_asm.obj m3_Hwi_asm_switch.obj m3_IntrinsicsSupport_asm.obj m3_TaskSupport_asm.obj ...
gmake[1]: Leaving directory `/home/kensus-t480/DeveloperCode/Learn-C-and-Cpp/computerSystems_2024/empty_CC2650STK_TI/src/sysbios'
Build of libraries done.
clem3 package/cfg/empty_pem3.c ...
"package/cfg/empty_pem3.c", line 7971: warning #112-D: statement is unreachable
Finished building: "../empty.cfg"
 
making ../src/sysbios/rom_sysbios.aem3 ...
gmake[1]: Nothing to be done for 'all'.
Building file: "../ccfg.c"
Invoking: Arm Compiler
"/home/kensus-t480/ti/ccs1210/ccs/tools/compiler/ti-cgt-arm_20.2.7.LTS/bin/armcl" -mv7M3 --code_state=16 --float_support=none -me --include_path="/home/kensus-t480/DeveloperCode/Learn-C-and-Cpp/computerSystems_2024/empty_CC2650STK_TI" --include_path="/home/kensus-t480/DeveloperCode/Learn-C-and-Cpp/computerSystems_2024/empty_CC2650STK_TI" --include_path="/home/kensus-t480/ti/tirtos_cc13xx_cc26xx_2_21_01_08/products/cc26xxware_2_24_03_17272" --include_path="/home/kensus-t480/ti/ccs1210/ccs/tools/compiler/ti-cgt-arm_20.2.7.LTS/include" --define=ccs -g --diag_warning=225 --diag_warning=255 --diag_wrap=off --display_error_number --gen_func_subsections=on --abi=eabi --preproc_with_compile --preproc_dependency="ccfg.d_raw" --cmd_file="configPkg/compiler.opt"  "../ccfg.c"
Finished building: "../ccfg.c"
 
Building file: "../sensors/tmp007.c"
Invoking: Arm Compiler
"/home/kensus-t480/ti/ccs1210/ccs/tools/compiler/ti-cgt-arm_20.2.7.LTS/bin/armcl" -mv7M3 --code_state=16 --float_support=none -me --include_path="/home/kensus-t480/DeveloperCode/Learn-C-and-Cpp/computerSystems_2024/empty_CC2650STK_TI" --include_path="/home/kensus-t480/DeveloperCode/Learn-C-and-Cpp/computerSystems_2024/empty_CC2650STK_TI" --include_path="/home/kensus-t480/ti/tirtos_cc13xx_cc26xx_2_21_01_08/products/cc26xxware_2_24_03_17272" --include_path="/home/kensus-t480/ti/ccs1210/ccs/tools/compiler/ti-cgt-arm_20.2.7.LTS/include" --define=ccs -g --diag_warning=225 --diag_warning=255 --diag_wrap=off --display_error_number --gen_func_subsections=on --abi=eabi --preproc_with_compile --preproc_dependency="sensors/tmp007.d_raw" --obj_directory="sensors" --cmd_file="configPkg/compiler.opt"  "../sensors/tmp007.c"
Finished building: "../sensors/tmp007.c"
 
Building file: "../sensors/hdc1000.c"
Invoking: Arm Compiler
"/home/kensus-t480/ti/ccs1210/ccs/tools/compiler/ti-cgt-arm_20.2.7.LTS/bin/armcl" -mv7M3 --code_state=16 --float_support=none -me --include_path="/home/kensus-t480/DeveloperCode/Learn-C-and-Cpp/computerSystems_2024/empty_CC2650STK_TI" --include_path="/home/kensus-t480/DeveloperCode/Learn-C-and-Cpp/computerSystems_2024/empty_CC2650STK_TI" --include_path="/home/kensus-t480/ti/tirtos_cc13xx_cc26xx_2_21_01_08/products/cc26xxware_2_24_03_17272" --include_path="/home/kensus-t480/ti/ccs1210/ccs/tools/compiler/ti-cgt-arm_20.2.7.LTS/include" --define=ccs -g --diag_warning=225 --diag_warning=255 --diag_wrap=off --display_error_number --gen_func_subsections=on --abi=eabi --preproc_with_compile --preproc_dependency="sensors/hdc1000.d_raw" --obj_directory="sensors" --cmd_file="configPkg/compiler.opt"  "../sensors/hdc1000.c"
Finished building: "../sensors/hdc1000.c"
 
Building file: "../sensors/bmp280.c"
Invoking: Arm Compiler
"/home/kensus-t480/ti/ccs1210/ccs/tools/compiler/ti-cgt-arm_20.2.7.LTS/bin/armcl" -mv7M3 --code_state=16 --float_support=none -me --include_path="/home/kensus-t480/DeveloperCode/Learn-C-and-Cpp/computerSystems_2024/empty_CC2650STK_TI" --include_path="/home/kensus-t480/DeveloperCode/Learn-C-and-Cpp/computerSystems_2024/empty_CC2650STK_TI" --include_path="/home/kensus-t480/ti/tirtos_cc13xx_cc26xx_2_21_01_08/products/cc26xxware_2_24_03_17272" --include_path="/home/kensus-t480/ti/ccs1210/ccs/tools/compiler/ti-cgt-arm_20.2.7.LTS/include" --define=ccs -g --diag_warning=225 --diag_warning=255 --diag_wrap=off --display_error_number --gen_func_subsections=on --abi=eabi --preproc_with_compile --preproc_dependency="sensors/bmp280.d_raw" --obj_directory="sensors" --cmd_file="configPkg/compiler.opt"  "../sensors/bmp280.c"
Finished building: "../sensors/bmp280.c"
 
Building file: "../wireless/ERRORS.c"
Invoking: Arm Compiler
"/home/kensus-t480/ti/ccs1210/ccs/tools/compiler/ti-cgt-arm_20.2.7.LTS/bin/armcl" -mv7M3 --code_state=16 --float_support=none -me --include_path="/home/kensus-t480/DeveloperCode/Learn-C-and-Cpp/computerSystems_2024/empty_CC2650STK_TI" --include_path="/home/kensus-t480/DeveloperCode/Learn-C-and-Cpp/computerSystems_2024/empty_CC2650STK_TI" --include_path="/home/kensus-t480/ti/tirtos_cc13xx_cc26xx_2_21_01_08/products/cc26xxware_2_24_03_17272" --include_path="/home/kensus-t480/ti/ccs1210/ccs/tools/compiler/ti-cgt-arm_20.2.7.LTS/include" --define=ccs -g --diag_warning=225 --diag_warning=255 --diag_wrap=off --display_error_number --gen_func_subsections=on --abi=eabi --preproc_with_compile --preproc_dependency="wireless/ERRORS.d_raw" --obj_directory="wireless" --cmd_file="configPkg/compiler.opt"  "../wireless/ERRORS.c"
Finished building: "../wireless/ERRORS.c"
 
Building file: "../empty.c"
Invoking: Arm Compiler
"/home/kensus-t480/ti/ccs1210/ccs/tools/compiler/ti-cgt-arm_20.2.7.LTS/bin/armcl" -mv7M3 --code_state=16 --float_support=none -me --include_path="/home/kensus-t480/DeveloperCode/Learn-C-and-Cpp/computerSystems_2024/empty_CC2650STK_TI" --include_path="/home/kensus-t480/DeveloperCode/Learn-C-and-Cpp/computerSystems_2024/empty_CC2650STK_TI" --include_path="/home/kensus-t480/ti/tirtos_cc13xx_cc26xx_2_21_01_08/products/cc26xxware_2_24_03_17272" --include_path="/home/kensus-t480/ti/ccs1210/ccs/tools/compiler/ti-cgt-arm_20.2.7.LTS/include" --define=ccs -g --diag_warning=225 --diag_warning=255 --diag_wrap=off --display_error_number --gen_func_subsections=on --abi=eabi --preproc_with_compile --preproc_dependency="empty.d_raw" --cmd_file="configPkg/compiler.opt"  "../empty.c"
Finished building: "../empty.c"
 
Building file: "../sensors/opt3001.c"
Invoking: Arm Compiler
"/home/kensus-t480/ti/ccs1210/ccs/tools/compiler/ti-cgt-arm_20.2.7.LTS/bin/armcl" -mv7M3 --code_state=16 --float_support=none -me --include_path="/home/kensus-t480/DeveloperCode/Learn-C-and-Cpp/computerSystems_2024/empty_CC2650STK_TI" --include_path="/home/kensus-t480/DeveloperCode/Learn-C-and-Cpp/computerSystems_2024/empty_CC2650STK_TI" --include_path="/home/kensus-t480/ti/tirtos_cc13xx_cc26xx_2_21_01_08/products/cc26xxware_2_24_03_17272" --include_path="/home/kensus-t480/ti/ccs1210/ccs/tools/compiler/ti-cgt-arm_20.2.7.LTS/include" --define=ccs -g --diag_warning=225 --diag_warning=255 --diag_wrap=off --display_error_number --gen_func_subsections=on --abi=eabi --preproc_with_compile --preproc_dependency="sensors/opt3001.d_raw" --obj_directory="sensors" --cmd_file="configPkg/compiler.opt"  "../sensors/opt3001.c"
Finished building: "../sensors/opt3001.c"
 
Building file: "../wireless/CWC_CC2650_154Drv.c"
Invoking: Arm Compiler
"/home/kensus-t480/ti/ccs1210/ccs/tools/compiler/ti-cgt-arm_20.2.7.LTS/bin/armcl" -mv7M3 --code_state=16 --float_support=none -me --include_path="/home/kensus-t480/DeveloperCode/Learn-C-and-Cpp/computerSystems_2024/empty_CC2650STK_TI" --include_path="/home/kensus-t480/DeveloperCode/Learn-C-and-Cpp/computerSystems_2024/empty_CC2650STK_TI" --include_path="/home/kensus-t480/ti/tirtos_cc13xx_cc26xx_2_21_01_08/products/cc26xxware_2_24_03_17272" --include_path="/home/kensus-t480/ti/ccs1210/ccs/tools/compiler/ti-cgt-arm_20.2.7.LTS/include" --define=ccs -g --diag_warning=225 --diag_warning=255 --diag_wrap=off --display_error_number --gen_func_subsections=on --abi=eabi --preproc_with_compile --preproc_dependency="wireless/CWC_CC2650_154Drv.d_raw" --obj_directory="wireless" --cmd_file="configPkg/compiler.opt"  "../wireless/CWC_CC2650_154Drv.c"
"../wireless/CWC_CC2650_154Drv.c", line 439: warning #515-D: a value of type "CWC_CC2650_IEEE154_simple_packet_struct_t *" cannot be assigned to an entity of type "uint8_t *"
"../wireless/CWC_CC2650_154Drv.c", line 447: warning #112-D: statement is unreachable
"../wireless/CWC_CC2650_154Drv.c", line 451: warning #112-D: statement is unreachable
"../wireless/CWC_IntegrTest.c", line 59: warning #112-D: statement is unreachable
Finished building: "../wireless/CWC_CC2650_154Drv.c"
 
Building file: "../wireless/CWC_IntegrTest.c"
Invoking: Arm Compiler
"/home/kensus-t480/ti/ccs1210/ccs/tools/compiler/ti-cgt-arm_20.2.7.LTS/bin/armcl" -mv7M3 --code_state=16 --float_support=none -me --include_path="/home/kensus-t480/DeveloperCode/Learn-C-and-Cpp/computerSystems_2024/empty_CC2650STK_TI" --include_path="/home/kensus-t480/DeveloperCode/Learn-C-and-Cpp/computerSystems_2024/empty_CC2650STK_TI" --include_path="/home/kensus-t480/ti/tirtos_cc13xx_cc26xx_2_21_01_08/products/cc26xxware_2_24_03_17272" --include_path="/home/kensus-t480/ti/ccs1210/ccs/tools/compiler/ti-cgt-arm_20.2.7.LTS/include" --define=ccs -g --diag_warning=225 --diag_warning=255 --diag_wrap=off --display_error_number --gen_func_subsections=on --abi=eabi --preproc_with_compile --preproc_dependency="wireless/CWC_IntegrTest.d_raw" --obj_directory="wireless" --cmd_file="configPkg/compiler.opt"  "../wireless/CWC_IntegrTest.c"
Finished building: "../wireless/CWC_IntegrTest.c"
 
Building file: "../CC2650STK.c"
Invoking: Arm Compiler
"/home/kensus-t480/ti/ccs1210/ccs/tools/compiler/ti-cgt-arm_20.2.7.LTS/bin/armcl" -mv7M3 --code_state=16 --float_support=none -me --include_path="/home/kensus-t480/DeveloperCode/Learn-C-and-Cpp/computerSystems_2024/empty_CC2650STK_TI" --include_path="/home/kensus-t480/DeveloperCode/Learn-C-and-Cpp/computerSystems_2024/empty_CC2650STK_TI" --include_path="/home/kensus-t480/ti/tirtos_cc13xx_cc26xx_2_21_01_08/products/cc26xxware_2_24_03_17272" --include_path="/home/kensus-t480/ti/ccs1210/ccs/tools/compiler/ti-cgt-arm_20.2.7.LTS/include" --define=ccs -g --diag_warning=225 --diag_warning=255 --diag_wrap=off --display_error_number --gen_func_subsections=on --abi=eabi --preproc_with_compile --preproc_dependency="CC2650STK.d_raw" --cmd_file="configPkg/compiler.opt"  "../CC2650STK.c"
Finished building: "../CC2650STK.c"
 
Building file: "../wireless/comm_lib.c"
Invoking: Arm Compiler
"/home/kensus-t480/ti/ccs1210/ccs/tools/compiler/ti-cgt-arm_20.2.7.LTS/bin/armcl" -mv7M3 --code_state=16 --float_support=none -me --include_path="/home/kensus-t480/DeveloperCode/Learn-C-and-Cpp/computerSystems_2024/empty_CC2650STK_TI" --include_path="/home/kensus-t480/DeveloperCode/Learn-C-and-Cpp/computerSystems_2024/empty_CC2650STK_TI" --include_path="/home/kensus-t480/ti/tirtos_cc13xx_cc26xx_2_21_01_08/products/cc26xxware_2_24_03_17272" --include_path="/home/kensus-t480/ti/ccs1210/ccs/tools/compiler/ti-cgt-arm_20.2.7.LTS/include" --define=ccs -g --diag_warning=225 --diag_warning=255 --diag_wrap=off --display_error_number --gen_func_subsections=on --abi=eabi --preproc_with_compile --preproc_dependency="wireless/comm_lib.d_raw" --obj_directory="wireless" --cmd_file="configPkg/compiler.opt"  "../wireless/comm_lib.c"
"../wireless/comm_lib.c", line 141: warning #169-D: argument of type "volatile uint8_t *" is incompatible with parameter of type "uint8_t *"
"../wireless/comm_lib.c", line 150: warning #515-D: a value of type "uint8_t *" cannot be assigned to an entity of type "int8_t"
"../wireless/comm_lib.c", line 158: warning #515-D: a value of type "void *" cannot be assigned to an entity of type "int32_t"
"../wireless/comm_lib.c", line 161: warning #169-D: argument of type "volatile uint8_t *" is incompatible with parameter of type "uint8_t *"
"../wireless/comm_lib.c", line 195: warning #515-D: a value of type "uint8_t *" cannot be assigned to an entity of type "rfc_dataEntryGeneral_t *"
"../wireless/comm_lib.c", line 196: warning #515-D: a value of type "uint8_t *" cannot be assigned to an entity of type "rfc_dataEntryGeneral_t *"
"../wireless/comm_lib.c", line 197: warning #169-D: argument of type "rfc_dataEntryGeneral_t *" is incompatible with parameter of type "uint8_t *"
"../wireless/comm_lib.c", line 199: warning #515-D: a value of type "rfc_dataEntryGeneral_t *" cannot be assigned to an entity of type "volatile uint8_t *"
"../wireless/comm_lib.c", line 210: warning #515-D: a value of type "uint8_t *" cannot be assigned to an entity of type "rfc_dataEntryGeneral_t *"
"../wireless/comm_lib.c", line 211: warning #515-D: a value of type "uint8_t *" cannot be assigned to an entity of type "rfc_dataEntryGeneral_t *"
"../wireless/comm_lib.c", line 212: warning #169-D: argument of type "rfc_dataEntryGeneral_t *" is incompatible with parameter of type "uint8_t *"
"../wireless/comm_lib.c", line 214: warning #515-D: a value of type "rfc_dataEntryGeneral_t *" cannot be assigned to an entity of type "volatile uint8_t *"
"../wireless/comm_lib.c", line 246: warning #515-D: a value of type "uint8_t *" cannot be assigned to an entity of type "CWC_CC2650_IEEE154_simple_packet_struct_t *"
"../wireless/comm_lib.c", line 248: warning #515-D: a value of type "uint8_t *" cannot be assigned to an entity of type "uint16_t *"
"../wireless/comm_lib.c", line 275: warning #515-D: a value of type "uint8_t *" cannot be assigned to an entity of type "rfc_dataEntryGeneral_t *"
Finished building: "../wireless/comm_lib.c"
 
Building file: "../sensors/mpu9250.c"
Invoking: Arm Compiler
"/home/kensus-t480/ti/ccs1210/ccs/tools/compiler/ti-cgt-arm_20.2.7.LTS/bin/armcl" -mv7M3 --code_state=16 --float_support=none -me --include_path="/home/kensus-t480/DeveloperCode/Learn-C-and-Cpp/computerSystems_2024/empty_CC2650STK_TI" --include_path="/home/kensus-t480/DeveloperCode/Learn-C-and-Cpp/computerSystems_2024/empty_CC2650STK_TI" --include_path="/home/kensus-t480/ti/tirtos_cc13xx_cc26xx_2_21_01_08/products/cc26xxware_2_24_03_17272" --include_path="/home/kensus-t480/ti/ccs1210/ccs/tools/compiler/ti-cgt-arm_20.2.7.LTS/include" --define=ccs -g --diag_warning=225 --diag_warning=255 --diag_wrap=off --display_error_number --gen_func_subsections=on --abi=eabi --preproc_with_compile --preproc_dependency="sensors/mpu9250.d_raw" --obj_directory="sensors" --cmd_file="configPkg/compiler.opt"  "../sensors/mpu9250.c"
Finished building: "../sensors/mpu9250.c"
 
making ../src/sysbios/rom_sysbios.aem3 ...
gmake[2]: Nothing to be done for 'all'.
Building target: "empty_CC2650STK_TI.out"
Invoking: Arm Linker
"/home/kensus-t480/ti/ccs1210/ccs/tools/compiler/ti-cgt-arm_20.2.7.LTS/bin/armcl" -mv7M3 --code_state=16 --float_support=none -me --define=ccs -g --diag_warning=225 --diag_warning=255 --diag_wrap=off --display_error_number --gen_func_subsections=on --abi=eabi -z -m"empty_CC2650STK_TI.map" --heap_size=0 --stack_size=256 -i"/home/kensus-t480/ti/ccs1210/ccs/tools/compiler/ti-cgt-arm_20.2.7.LTS/lib" -i"/home/kensus-t480/ti/ccs1210/ccs/tools/compiler/ti-cgt-arm_20.2.7.LTS/include" --reread_libs --diag_wrap=off --display_error_number --warn_sections --xml_link_info="empty_CC2650STK_TI_linkInfo.xml" --rom_model -o "empty_CC2650STK_TI.out" "./CC2650STK.obj" "./ccfg.obj" "./empty.obj" "./sensors/bmp280.obj" "./sensors/hdc1000.obj" "./sensors/mpu9250.obj" "./sensors/opt3001.obj" "./sensors/tmp007.obj" "./wireless/CWC_CC2650_154Drv.obj" "./wireless/CWC_IntegrTest.obj" "./wireless/ERRORS.obj" "./wireless/comm_lib.obj" "../CC2650STK.cmd" -l"configPkg/linker.cmd"  -l"/home/kensus-t480/ti/tirtos_cc13xx_cc26xx_2_21_01_08/products/cc26xxware_2_24_03_17272/driverlib/bin/ccs/driverlib.lib" -llibc.a 
<Linking>
Finished building target: "empty_CC2650STK_TI.out"
 

**** Build Finished ****

**** Build of configuration Debug for project empty_CC2650STK_TI ****

/home/kensus-t480/ti/ccs1210/ccs/utils/bin/gmake -k -j 8 all -O 
 
making ../src/sysbios/rom_sysbios.aem3 ...
gmake[1]: Nothing to be done for 'all'.
making ../src/sysbios/rom_sysbios.aem3 ...
gmake[2]: Nothing to be done for 'all'.

**** Build Finished ****

**** Clean-only build of configuration Debug for project empty_CC2650STK_TI ****

/home/kensus-t480/ti/ccs1210/ccs/utils/bin/gmake -k -j 8 clean -O 
 
cleaning ../src/sysbios ...
rm -rf  "configPkg/linker.cmd" "configPkg/compiler.opt"  "empty_CC2650STK_TI.out" 
rm -rf "CC2650STK.obj" "ccfg.obj" "empty.obj" "sensors/bmp280.obj" "sensors/hdc1000.obj" "sensors/mpu9250.obj" "sensors/opt3001.obj" "sensors/tmp007.obj" "wireless/CWC_CC2650_154Drv.obj" "wireless/CWC_IntegrTest.obj" "wireless/ERRORS.obj" "wireless/comm_lib.obj" 
rm -rf "CC2650STK.d" "ccfg.d" "empty.d" "sensors/bmp280.d" "sensors/hdc1000.d" "sensors/mpu9250.d" "sensors/opt3001.d" "sensors/tmp007.d" "wireless/CWC_CC2650_154Drv.d" "wireless/CWC_IntegrTest.d" "wireless/ERRORS.d" "wireless/comm_lib.d" 
rm -rf  "configPkg" 
Finished clean
 

**** Build Finished ****

**** Build of configuration Debug for project empty_CC2650STK_TI ****

/home/kensus-t480/ti/ccs1210/ccs/utils/bin/gmake -k -j 8 all -O 
 
Building file: "../empty.cfg"
Invoking: XDCtools
"/home/kensus-t480/ti/xdctools_3_32_00_06_core/xs" --xdcpath="/home/kensus-t480/ti/tirtos_cc13xx_cc26xx_2_21_01_08/packages;/home/kensus-t480/ti/tirtos_cc13xx_cc26xx_2_21_01_08/products/tidrivers_cc13xx_cc26xx_2_21_01_01/packages;/home/kensus-t480/ti/tirtos_cc13xx_cc26xx_2_21_01_08/products/bios_6_46_01_38/packages;/home/kensus-t480/ti/tirtos_cc13xx_cc26xx_2_21_01_08/products/uia_2_01_00_01/packages;" xdc.tools.configuro -o configPkg -t ti.targets.arm.elf.M3 -p ti.platforms.simplelink:CC2650F128 -r release -c "/home/kensus-t480/ti/ccs1210/ccs/tools/compiler/ti-cgt-arm_20.2.7.LTS" --compileOptions "-mv7M3 --code_state=16 --float_support=none -me --include_path=\"/home/kensus-t480/DeveloperCode/Learn-C-and-Cpp/computerSystems_2024/empty_CC2650STK_TI\" --include_path=\"/home/kensus-t480/DeveloperCode/Learn-C-and-Cpp/computerSystems_2024/empty_CC2650STK_TI\" --include_path=\"/home/kensus-t480/ti/tirtos_cc13xx_cc26xx_2_21_01_08/products/cc26xxware_2_24_03_17272\" --include_path=\"/home/kensus-t480/ti/ccs1210/ccs/tools/compiler/ti-cgt-arm_20.2.7.LTS/include\" --define=ccs -g --diag_warning=225 --diag_warning=255 --diag_wrap=off --display_error_number --gen_func_subsections=on --abi=eabi  " "../empty.cfg"
making package.mak (because of package.bld) ...
generating interfaces for package configPkg (because package/package.xdc.inc is older than package.xdc) ...
configuring empty.xem3 from package/cfg/empty_pem3.cfg ...
generating custom ROM library makefile ... 
Starting build of library sources ...
making /home/kensus-t480/DeveloperCode/Learn-C-and-Cpp/computerSystems_2024/empty_CC2650STK_TI/src/sysbios/rom_sysbios.aem3 ...
gmake[1]: Entering directory `/home/kensus-t480/DeveloperCode/Learn-C-and-Cpp/computerSystems_2024/empty_CC2650STK_TI/src/sysbios'
clem3 /home/kensus-t480/ti/tirtos_cc13xx_cc26xx_2_21_01_08/products/bios_6_46_01_38/packages/ti/sysbios/BIOS.c ...
asmem3 /home/kensus-t480/ti/tirtos_cc13xx_cc26xx_2_21_01_08/products/bios_6_46_01_38/packages/ti/sysbios/family/arm/m3/Hwi_asm.sv7M ...
asmem3 /home/kensus-t480/ti/tirtos_cc13xx_cc26xx_2_21_01_08/products/bios_6_46_01_38/packages/ti/sysbios/family/arm/m3/Hwi_asm_switch.sv7M ...
asmem3 /home/kensus-t480/ti/tirtos_cc13xx_cc26xx_2_21_01_08/products/bios_6_46_01_38/packages/ti/sysbios/family/arm/m3/IntrinsicsSupport_asm.sv7M ...
asmem3 /home/kensus-t480/ti/tirtos_cc13xx_cc26xx_2_21_01_08/products/bios_6_46_01_38/packages/ti/sysbios/family/arm/m3/TaskSupport_asm.sv7M ...
arem3 rom_sysbios.obj m3_Hwi_asm.obj m3_Hwi_asm_switch.obj m3_IntrinsicsSupport_asm.obj m3_TaskSupport_asm.obj ...
gmake[1]: Leaving directory `/home/kensus-t480/DeveloperCode/Learn-C-and-Cpp/computerSystems_2024/empty_CC2650STK_TI/src/sysbios'
Build of libraries done.
clem3 package/cfg/empty_pem3.c ...
"package/cfg/empty_pem3.c", line 7971: warning #112-D: statement is unreachable
Finished building: "../empty.cfg"
 
making ../src/sysbios/rom_sysbios.aem3 ...
gmake[1]: Nothing to be done for 'all'.
Building file: "../ccfg.c"
Invoking: Arm Compiler
"/home/kensus-t480/ti/ccs1210/ccs/tools/compiler/ti-cgt-arm_20.2.7.LTS/bin/armcl" -mv7M3 --code_state=16 --float_support=none -me --include_path="/home/kensus-t480/DeveloperCode/Learn-C-and-Cpp/computerSystems_2024/empty_CC2650STK_TI" --include_path="/home/kensus-t480/DeveloperCode/Learn-C-and-Cpp/computerSystems_2024/empty_CC2650STK_TI" --include_path="/home/kensus-t480/ti/tirtos_cc13xx_cc26xx_2_21_01_08/products/cc26xxware_2_24_03_17272" --include_path="/home/kensus-t480/ti/ccs1210/ccs/tools/compiler/ti-cgt-arm_20.2.7.LTS/include" --define=ccs -g --diag_warning=225 --diag_warning=255 --diag_wrap=off --display_error_number --gen_func_subsections=on --abi=eabi --preproc_with_compile --preproc_dependency="ccfg.d_raw" --cmd_file="configPkg/compiler.opt"  "../ccfg.c"
Finished building: "../ccfg.c"
 
Building file: "../sensors/tmp007.c"
Invoking: Arm Compiler
"/home/kensus-t480/ti/ccs1210/ccs/tools/compiler/ti-cgt-arm_20.2.7.LTS/bin/armcl" -mv7M3 --code_state=16 --float_support=none -me --include_path="/home/kensus-t480/DeveloperCode/Learn-C-and-Cpp/computerSystems_2024/empty_CC2650STK_TI" --include_path="/home/kensus-t480/DeveloperCode/Learn-C-and-Cpp/computerSystems_2024/empty_CC2650STK_TI" --include_path="/home/kensus-t480/ti/tirtos_cc13xx_cc26xx_2_21_01_08/products/cc26xxware_2_24_03_17272" --include_path="/home/kensus-t480/ti/ccs1210/ccs/tools/compiler/ti-cgt-arm_20.2.7.LTS/include" --define=ccs -g --diag_warning=225 --diag_warning=255 --diag_wrap=off --display_error_number --gen_func_subsections=on --abi=eabi --preproc_with_compile --preproc_dependency="sensors/tmp007.d_raw" --obj_directory="sensors" --cmd_file="configPkg/compiler.opt"  "../sensors/tmp007.c"
Finished building: "../sensors/tmp007.c"
 
Building file: "../sensors/hdc1000.c"
Invoking: Arm Compiler
"/home/kensus-t480/ti/ccs1210/ccs/tools/compiler/ti-cgt-arm_20.2.7.LTS/bin/armcl" -mv7M3 --code_state=16 --float_support=none -me --include_path="/home/kensus-t480/DeveloperCode/Learn-C-and-Cpp/computerSystems_2024/empty_CC2650STK_TI" --include_path="/home/kensus-t480/DeveloperCode/Learn-C-and-Cpp/computerSystems_2024/empty_CC2650STK_TI" --include_path="/home/kensus-t480/ti/tirtos_cc13xx_cc26xx_2_21_01_08/products/cc26xxware_2_24_03_17272" --include_path="/home/kensus-t480/ti/ccs1210/ccs/tools/compiler/ti-cgt-arm_20.2.7.LTS/include" --define=ccs -g --diag_warning=225 --diag_warning=255 --diag_wrap=off --display_error_number --gen_func_subsections=on --abi=eabi --preproc_with_compile --preproc_dependency="sensors/hdc1000.d_raw" --obj_directory="sensors" --cmd_file="configPkg/compiler.opt"  "../sensors/hdc1000.c"
Finished building: "../sensors/hdc1000.c"
 
Building file: "../wireless/ERRORS.c"
Invoking: Arm Compiler
"/home/kensus-t480/ti/ccs1210/ccs/tools/compiler/ti-cgt-arm_20.2.7.LTS/bin/armcl" -mv7M3 --code_state=16 --float_support=none -me --include_path="/home/kensus-t480/DeveloperCode/Learn-C-and-Cpp/computerSystems_2024/empty_CC2650STK_TI" --include_path="/home/kensus-t480/DeveloperCode/Learn-C-and-Cpp/computerSystems_2024/empty_CC2650STK_TI" --include_path="/home/kensus-t480/ti/tirtos_cc13xx_cc26xx_2_21_01_08/products/cc26xxware_2_24_03_17272" --include_path="/home/kensus-t480/ti/ccs1210/ccs/tools/compiler/ti-cgt-arm_20.2.7.LTS/include" --define=ccs -g --diag_warning=225 --diag_warning=255 --diag_wrap=off --display_error_number --gen_func_subsections=on --abi=eabi --preproc_with_compile --preproc_dependency="wireless/ERRORS.d_raw" --obj_directory="wireless" --cmd_file="configPkg/compiler.opt"  "../wireless/ERRORS.c"
Finished building: "../wireless/ERRORS.c"
 
Building file: "../sensors/bmp280.c"
Invoking: Arm Compiler
"/home/kensus-t480/ti/ccs1210/ccs/tools/compiler/ti-cgt-arm_20.2.7.LTS/bin/armcl" -mv7M3 --code_state=16 --float_support=none -me --include_path="/home/kensus-t480/DeveloperCode/Learn-C-and-Cpp/computerSystems_2024/empty_CC2650STK_TI" --include_path="/home/kensus-t480/DeveloperCode/Learn-C-and-Cpp/computerSystems_2024/empty_CC2650STK_TI" --include_path="/home/kensus-t480/ti/tirtos_cc13xx_cc26xx_2_21_01_08/products/cc26xxware_2_24_03_17272" --include_path="/home/kensus-t480/ti/ccs1210/ccs/tools/compiler/ti-cgt-arm_20.2.7.LTS/include" --define=ccs -g --diag_warning=225 --diag_warning=255 --diag_wrap=off --display_error_number --gen_func_subsections=on --abi=eabi --preproc_with_compile --preproc_dependency="sensors/bmp280.d_raw" --obj_directory="sensors" --cmd_file="configPkg/compiler.opt"  "../sensors/bmp280.c"
Finished building: "../sensors/bmp280.c"
 
Building file: "../sensors/opt3001.c"
Invoking: Arm Compiler
"/home/kensus-t480/ti/ccs1210/ccs/tools/compiler/ti-cgt-arm_20.2.7.LTS/bin/armcl" -mv7M3 --code_state=16 --float_support=none -me --include_path="/home/kensus-t480/DeveloperCode/Learn-C-and-Cpp/computerSystems_2024/empty_CC2650STK_TI" --include_path="/home/kensus-t480/DeveloperCode/Learn-C-and-Cpp/computerSystems_2024/empty_CC2650STK_TI" --include_path="/home/kensus-t480/ti/tirtos_cc13xx_cc26xx_2_21_01_08/products/cc26xxware_2_24_03_17272" --include_path="/home/kensus-t480/ti/ccs1210/ccs/tools/compiler/ti-cgt-arm_20.2.7.LTS/include" --define=ccs -g --diag_warning=225 --diag_warning=255 --diag_wrap=off --display_error_number --gen_func_subsections=on --abi=eabi --preproc_with_compile --preproc_dependency="sensors/opt3001.d_raw" --obj_directory="sensors" --cmd_file="configPkg/compiler.opt"  "../sensors/opt3001.c"
Finished building: "../sensors/opt3001.c"
 
Building file: "../task_example.c"
Invoking: Arm Compiler
"/home/kensus-t480/ti/ccs1210/ccs/tools/compiler/ti-cgt-arm_20.2.7.LTS/bin/armcl" -mv7M3 --code_state=16 --float_support=none -me --include_path="/home/kensus-t480/DeveloperCode/Learn-C-and-Cpp/computerSystems_2024/empty_CC2650STK_TI" --include_path="/home/kensus-t480/DeveloperCode/Learn-C-and-Cpp/computerSystems_2024/empty_CC2650STK_TI" --include_path="/home/kensus-t480/ti/tirtos_cc13xx_cc26xx_2_21_01_08/products/cc26xxware_2_24_03_17272" --include_path="/home/kensus-t480/ti/ccs1210/ccs/tools/compiler/ti-cgt-arm_20.2.7.LTS/include" --define=ccs -g --diag_warning=225 --diag_warning=255 --diag_wrap=off --display_error_number --gen_func_subsections=on --abi=eabi --preproc_with_compile --preproc_dependency="task_example.d_raw" --cmd_file="configPkg/compiler.opt"  "../task_example.c"
Finished building: "../task_example.c"
 
Building file: "../wireless/CWC_CC2650_154Drv.c"
Invoking: Arm Compiler
"/home/kensus-t480/ti/ccs1210/ccs/tools/compiler/ti-cgt-arm_20.2.7.LTS/bin/armcl" -mv7M3 --code_state=16 --float_support=none -me --include_path="/home/kensus-t480/DeveloperCode/Learn-C-and-Cpp/computerSystems_2024/empty_CC2650STK_TI" --include_path="/home/kensus-t480/DeveloperCode/Learn-C-and-Cpp/computerSystems_2024/empty_CC2650STK_TI" --include_path="/home/kensus-t480/ti/tirtos_cc13xx_cc26xx_2_21_01_08/products/cc26xxware_2_24_03_17272" --include_path="/home/kensus-t480/ti/ccs1210/ccs/tools/compiler/ti-cgt-arm_20.2.7.LTS/include" --define=ccs -g --diag_warning=225 --diag_warning=255 --diag_wrap=off --display_error_number --gen_func_subsections=on --abi=eabi --preproc_with_compile --preproc_dependency="wireless/CWC_CC2650_154Drv.d_raw" --obj_directory="wireless" --cmd_file="configPkg/compiler.opt"  "../wireless/CWC_CC2650_154Drv.c"
"../wireless/CWC_CC2650_154Drv.c", line 439: warning #515-D: a value of type "CWC_CC2650_IEEE154_simple_packet_struct_t *" cannot be assigned to an entity of type "uint8_t *"
"../wireless/CWC_CC2650_154Drv.c", line 447: warning #112-D: statement is unreachable
"../wireless/CWC_CC2650_154Drv.c", line 451: warning #112-D: statement is unreachable
Finished building: "../wireless/CWC_CC2650_154Drv.c"
 
Building file: "../wireless/CWC_IntegrTest.c"
Invoking: Arm Compiler
"/home/kensus-t480/ti/ccs1210/ccs/tools/compiler/ti-cgt-arm_20.2.7.LTS/bin/armcl" -mv7M3 --code_state=16 --float_support=none -me --include_path="/home/kensus-t480/DeveloperCode/Learn-C-and-Cpp/computerSystems_2024/empty_CC2650STK_TI" --include_path="/home/kensus-t480/DeveloperCode/Learn-C-and-Cpp/computerSystems_2024/empty_CC2650STK_TI" --include_path="/home/kensus-t480/ti/tirtos_cc13xx_cc26xx_2_21_01_08/products/cc26xxware_2_24_03_17272" --include_path="/home/kensus-t480/ti/ccs1210/ccs/tools/compiler/ti-cgt-arm_20.2.7.LTS/include" --define=ccs -g --diag_warning=225 --diag_warning=255 --diag_wrap=off --display_error_number --gen_func_subsections=on --abi=eabi --preproc_with_compile --preproc_dependency="wireless/CWC_IntegrTest.d_raw" --obj_directory="wireless" --cmd_file="configPkg/compiler.opt"  "../wireless/CWC_IntegrTest.c"
"../wireless/CWC_IntegrTest.c", line 59: warning #112-D: statement is unreachable
Finished building: "../wireless/CWC_IntegrTest.c"
 
Building file: "../CC2650STK.c"
Invoking: Arm Compiler
"/home/kensus-t480/ti/ccs1210/ccs/tools/compiler/ti-cgt-arm_20.2.7.LTS/bin/armcl" -mv7M3 --code_state=16 --float_support=none -me --include_path="/home/kensus-t480/DeveloperCode/Learn-C-and-Cpp/computerSystems_2024/empty_CC2650STK_TI" --include_path="/home/kensus-t480/DeveloperCode/Learn-C-and-Cpp/computerSystems_2024/empty_CC2650STK_TI" --include_path="/home/kensus-t480/ti/tirtos_cc13xx_cc26xx_2_21_01_08/products/cc26xxware_2_24_03_17272" --include_path="/home/kensus-t480/ti/ccs1210/ccs/tools/compiler/ti-cgt-arm_20.2.7.LTS/include" --define=ccs -g --diag_warning=225 --diag_warning=255 --diag_wrap=off --display_error_number --gen_func_subsections=on --abi=eabi --preproc_with_compile --preproc_dependency="CC2650STK.d_raw" --cmd_file="configPkg/compiler.opt"  "../CC2650STK.c"
Finished building: "../CC2650STK.c"
 
Building file: "../wireless/comm_lib.c"
Invoking: Arm Compiler
"/home/kensus-t480/ti/ccs1210/ccs/tools/compiler/ti-cgt-arm_20.2.7.LTS/bin/armcl" -mv7M3 --code_state=16 --float_support=none -me --include_path="/home/kensus-t480/DeveloperCode/Learn-C-and-Cpp/computerSystems_2024/empty_CC2650STK_TI" --include_path="/home/kensus-t480/DeveloperCode/Learn-C-and-Cpp/computerSystems_2024/empty_CC2650STK_TI" --include_path="/home/kensus-t480/ti/tirtos_cc13xx_cc26xx_2_21_01_08/products/cc26xxware_2_24_03_17272" --include_path="/home/kensus-t480/ti/ccs1210/ccs/tools/compiler/ti-cgt-arm_20.2.7.LTS/include" --define=ccs -g --diag_warning=225 --diag_warning=255 --diag_wrap=off --display_error_number --gen_func_subsections=on --abi=eabi --preproc_with_compile --preproc_dependency="wireless/comm_lib.d_raw" --obj_directory="wireless" --cmd_file="configPkg/compiler.opt"  "../wireless/comm_lib.c"
"../wireless/comm_lib.c", line 141: warning #169-D: argument of type "volatile uint8_t *" is incompatible with parameter of type "uint8_t *"
"../wireless/comm_lib.c", line 150: warning #515-D: a value of type "uint8_t *" cannot be assigned to an entity of type "int8_t"
"../wireless/comm_lib.c", line 158: warning #515-D: a value of type "void *" cannot be assigned to an entity of type "int32_t"
"../wireless/comm_lib.c", line 161: warning #169-D: argument of type "volatile uint8_t *" is incompatible with parameter of type "uint8_t *"
"../wireless/comm_lib.c", line 195: warning #515-D: a value of type "uint8_t *" cannot be assigned to an entity of type "rfc_dataEntryGeneral_t *"
"../wireless/comm_lib.c", line 196: warning #515-D: a value of type "uint8_t *" cannot be assigned to an entity of type "rfc_dataEntryGeneral_t *"
"../wireless/comm_lib.c", line 197: warning #169-D: argument of type "rfc_dataEntryGeneral_t *" is incompatible with parameter of type "uint8_t *"
"../wireless/comm_lib.c", line 199: warning #515-D: a value of type "rfc_dataEntryGeneral_t *" cannot be assigned to an entity of type "volatile uint8_t *"
"../wireless/comm_lib.c", line 210: warning #515-D: a value of type "uint8_t *" cannot be assigned to an entity of type "rfc_dataEntryGeneral_t *"
"../wireless/comm_lib.c", line 211: warning #515-D: a value of type "uint8_t *" cannot be assigned to an entity of type "rfc_dataEntryGeneral_t *"
"../wireless/comm_lib.c", line 212: warning #169-D: argument of type "rfc_dataEntryGeneral_t *" is incompatible with parameter of type "uint8_t *"
"../wireless/comm_lib.c", line 214: warning #515-D: a value of type "rfc_dataEntryGeneral_t *" cannot be assigned to an entity of type "volatile uint8_t *"
"../wireless/comm_lib.c", line 246: warning #515-D: a value of type "uint8_t *" cannot be assigned to an entity of type "CWC_CC2650_IEEE154_simple_packet_struct_t *"
"../wireless/comm_lib.c", line 248: warning #515-D: a value of type "uint8_t *" cannot be assigned to an entity of type "uint16_t *"
"../wireless/comm_lib.c", line 275: warning #515-D: a value of type "uint8_t *" cannot be assigned to an entity of type "rfc_dataEntryGeneral_t *"
Finished building: "../wireless/comm_lib.c"
 
Building file: "../sensors/mpu9250.c"
Invoking: Arm Compiler
"/home/kensus-t480/ti/ccs1210/ccs/tools/compiler/ti-cgt-arm_20.2.7.LTS/bin/armcl" -mv7M3 --code_state=16 --float_support=none -me --include_path="/home/kensus-t480/DeveloperCode/Learn-C-and-Cpp/computerSystems_2024/empty_CC2650STK_TI" --include_path="/home/kensus-t480/DeveloperCode/Learn-C-and-Cpp/computerSystems_2024/empty_CC2650STK_TI" --include_path="/home/kensus-t480/ti/tirtos_cc13xx_cc26xx_2_21_01_08/products/cc26xxware_2_24_03_17272" --include_path="/home/kensus-t480/ti/ccs1210/ccs/tools/compiler/ti-cgt-arm_20.2.7.LTS/include" --define=ccs -g --diag_warning=225 --diag_warning=255 --diag_wrap=off --display_error_number --gen_func_subsections=on --abi=eabi --preproc_with_compile --preproc_dependency="sensors/mpu9250.d_raw" --obj_directory="sensors" --cmd_file="configPkg/compiler.opt"  "../sensors/mpu9250.c"
Finished building: "../sensors/mpu9250.c"
 
making ../src/sysbios/rom_sysbios.aem3 ...
gmake[2]: Nothing to be done for 'all'.
Building target: "empty_CC2650STK_TI.out"
Invoking: Arm Linker
"/home/kensus-t480/ti/ccs1210/ccs/tools/compiler/ti-cgt-arm_20.2.7.LTS/bin/armcl" -mv7M3 --code_state=16 --float_support=none -me --define=ccs -g --diag_warning=225 --diag_warning=255 --diag_wrap=off --display_error_number --gen_func_subsections=on --abi=eabi -z -m"empty_CC2650STK_TI.map" --heap_size=0 --stack_size=256 -i"/home/kensus-t480/ti/ccs1210/ccs/tools/compiler/ti-cgt-arm_20.2.7.LTS/lib" -i"/home/kensus-t480/ti/ccs1210/ccs/tools/compiler/ti-cgt-arm_20.2.7.LTS/include" --reread_libs --diag_wrap=off --display_error_number --warn_sections --xml_link_info="empty_CC2650STK_TI_linkInfo.xml" --rom_model -o "empty_CC2650STK_TI.out" "./CC2650STK.obj" "./ccfg.obj" "./task_example.obj" "./sensors/bmp280.obj" "./sensors/hdc1000.obj" "./sensors/mpu9250.obj" "./sensors/opt3001.obj" "./sensors/tmp007.obj" "./wireless/CWC_CC2650_154Drv.obj" "./wireless/CWC_IntegrTest.obj" "./wireless/ERRORS.obj" "./wireless/comm_lib.obj" "../CC2650STK.cmd" -l"configPkg/linker.cmd"  -l"/home/kensus-t480/ti/tirtos_cc13xx_cc26xx_2_21_01_08/products/cc26xxware_2_24_03_17272/driverlib/bin/ccs/driverlib.lib" -llibc.a 
<Linking>
Finished building target: "empty_CC2650STK_TI.out"
 

**** Build Finished ****

**** Build of configuration Debug for project empty_CC2650STK_TI ****

/home/kensus-t480/ti/ccs1210/ccs/utils/bin/gmake -k -j 8 all -O 
 
making ../src/sysbios/rom_sysbios.aem3 ...
gmake[1]: Nothing to be done for 'all'.
making ../src/sysbios/rom_sysbios.aem3 ...
gmake[2]: Nothing to be done for 'all'.

**** Build Finished ****

**** Clean-only build of configuration Debug for project empty_CC2650STK_TI ****

/home/kensus-t480/ti/ccs1210/ccs/utils/bin/gmake -k -j 8 clean -O 
 
cleaning ../src/sysbios ...
rm -rf  "configPkg/linker.cmd" "configPkg/compiler.opt"  "empty_CC2650STK_TI.out" 
rm -rf "CC2650STK.obj" "ccfg.obj" "task_example.obj" "sensors/bmp280.obj" "sensors/hdc1000.obj" "sensors/mpu9250.obj" "sensors/opt3001.obj" "sensors/tmp007.obj" "wireless/CWC_CC2650_154Drv.obj" "wireless/CWC_IntegrTest.obj" "wireless/ERRORS.obj" "wireless/comm_lib.obj" 
rm -rf "CC2650STK.d" "ccfg.d" "task_example.d" "sensors/bmp280.d" "sensors/hdc1000.d" "sensors/mpu9250.d" "sensors/opt3001.d" "sensors/tmp007.d" "wireless/CWC_CC2650_154Drv.d" "wireless/CWC_IntegrTest.d" "wireless/ERRORS.d" "wireless/comm_lib.d" 
rm -rf  "configPkg" 
Finished clean
 

**** Build Finished ****

**** Build of configuration Debug for project empty_CC2650STK_TI ****

/home/kensus-t480/ti/ccs1210/ccs/utils/bin/gmake -k -j 8 all -O 
 
Building file: "../empty.cfg"
Invoking: XDCtools
"/home/kensus-t480/ti/xdctools_3_32_00_06_core/xs" --xdcpath="/home/kensus-t480/ti/tirtos_cc13xx_cc26xx_2_21_01_08/packages;/home/kensus-t480/ti/tirtos_cc13xx_cc26xx_2_21_01_08/products/tidrivers_cc13xx_cc26xx_2_21_01_01/packages;/home/kensus-t480/ti/tirtos_cc13xx_cc26xx_2_21_01_08/products/bios_6_46_01_38/packages;/home/kensus-t480/ti/tirtos_cc13xx_cc26xx_2_21_01_08/products/uia_2_01_00_01/packages;" xdc.tools.configuro -o configPkg -t ti.targets.arm.elf.M3 -p ti.platforms.simplelink:CC2650F128 -r release -c "/home/kensus-t480/ti/ccs1210/ccs/tools/compiler/ti-cgt-arm_20.2.7.LTS" --compileOptions "-mv7M3 --code_state=16 --float_support=none -me --include_path=\"/home/kensus-t480/DeveloperCode/Learn-C-and-Cpp/computerSystems_2024/empty_CC2650STK_TI\" --include_path=\"/home/kensus-t480/DeveloperCode/Learn-C-and-Cpp/computerSystems_2024/empty_CC2650STK_TI\" --include_path=\"/home/kensus-t480/ti/tirtos_cc13xx_cc26xx_2_21_01_08/products/cc26xxware_2_24_03_17272\" --include_path=\"/home/kensus-t480/ti/ccs1210/ccs/tools/compiler/ti-cgt-arm_20.2.7.LTS/include\" --define=ccs -g --diag_warning=225 --diag_warning=255 --diag_wrap=off --display_error_number --gen_func_subsections=on --abi=eabi  " "../empty.cfg"
making package.mak (because of package.bld) ...
generating interfaces for package configPkg (because package/package.xdc.inc is older than package.xdc) ...
configuring empty.xem3 from package/cfg/empty_pem3.cfg ...
generating custom ROM library makefile ... 
Starting build of library sources ...
making /home/kensus-t480/DeveloperCode/Learn-C-and-Cpp/computerSystems_2024/empty_CC2650STK_TI/src/sysbios/rom_sysbios.aem3 ...
gmake[1]: Entering directory `/home/kensus-t480/DeveloperCode/Learn-C-and-Cpp/computerSystems_2024/empty_CC2650STK_TI/src/sysbios'
clem3 /home/kensus-t480/ti/tirtos_cc13xx_cc26xx_2_21_01_08/products/bios_6_46_01_38/packages/ti/sysbios/BIOS.c ...
asmem3 /home/kensus-t480/ti/tirtos_cc13xx_cc26xx_2_21_01_08/products/bios_6_46_01_38/packages/ti/sysbios/family/arm/m3/Hwi_asm.sv7M ...
asmem3 /home/kensus-t480/ti/tirtos_cc13xx_cc26xx_2_21_01_08/products/bios_6_46_01_38/packages/ti/sysbios/family/arm/m3/Hwi_asm_switch.sv7M ...
asmem3 /home/kensus-t480/ti/tirtos_cc13xx_cc26xx_2_21_01_08/products/bios_6_46_01_38/packages/ti/sysbios/family/arm/m3/IntrinsicsSupport_asm.sv7M ...
asmem3 /home/kensus-t480/ti/tirtos_cc13xx_cc26xx_2_21_01_08/products/bios_6_46_01_38/packages/ti/sysbios/family/arm/m3/TaskSupport_asm.sv7M ...
arem3 rom_sysbios.obj m3_Hwi_asm.obj m3_Hwi_asm_switch.obj m3_IntrinsicsSupport_asm.obj m3_TaskSupport_asm.obj ...
gmake[1]: Leaving directory `/home/kensus-t480/DeveloperCode/Learn-C-and-Cpp/computerSystems_2024/empty_CC2650STK_TI/src/sysbios'
Build of libraries done.
clem3 package/cfg/empty_pem3.c ...
"package/cfg/empty_pem3.c", line 7971: warning #112-D: statement is unreachable
Finished building: "../empty.cfg"
 
making ../src/sysbios/rom_sysbios.aem3 ...
gmake[1]: Nothing to be done for 'all'.
Building file: "../ccfg.c"
Invoking: Arm Compiler
"/home/kensus-t480/ti/ccs1210/ccs/tools/compiler/ti-cgt-arm_20.2.7.LTS/bin/armcl" -mv7M3 --code_state=16 --float_support=none -me --include_path="/home/kensus-t480/DeveloperCode/Learn-C-and-Cpp/computerSystems_2024/empty_CC2650STK_TI" --include_path="/home/kensus-t480/DeveloperCode/Learn-C-and-Cpp/computerSystems_2024/empty_CC2650STK_TI" --include_path="/home/kensus-t480/ti/tirtos_cc13xx_cc26xx_2_21_01_08/products/cc26xxware_2_24_03_17272" --include_path="/home/kensus-t480/ti/ccs1210/ccs/tools/compiler/ti-cgt-arm_20.2.7.LTS/include" --define=ccs -g --diag_warning=225 --diag_warning=255 --diag_wrap=off --display_error_number --gen_func_subsections=on --abi=eabi --preproc_with_compile --preproc_dependency="ccfg.d_raw" --cmd_file="configPkg/compiler.opt"  "../ccfg.c"
Finished building: "../ccfg.c"
 
Building file: "../uart_task.c"
Invoking: Arm Compiler
"/home/kensus-t480/ti/ccs1210/ccs/tools/compiler/ti-cgt-arm_20.2.7.LTS/bin/armcl" -mv7M3 --code_state=16 --float_support=none -me --include_path="/home/kensus-t480/DeveloperCode/Learn-C-and-Cpp/computerSystems_2024/empty_CC2650STK_TI" --include_path="/home/kensus-t480/DeveloperCode/Learn-C-and-Cpp/computerSystems_2024/empty_CC2650STK_TI" --include_path="/home/kensus-t480/ti/tirtos_cc13xx_cc26xx_2_21_01_08/products/cc26xxware_2_24_03_17272" --include_path="/home/kensus-t480/ti/ccs1210/ccs/tools/compiler/ti-cgt-arm_20.2.7.LTS/include" --define=ccs -g --diag_warning=225 --diag_warning=255 --diag_wrap=off --display_error_number --gen_func_subsections=on --abi=eabi --preproc_with_compile --preproc_dependency="uart_task.d_raw" --cmd_file="configPkg/compiler.opt"  "../uart_task.c"
 
>> Compilation failure
subdir_rules.mk:7: recipe for target 'uart_task.obj' failed
"../uart_task.c", line 69: error #18: expected a ")"
1 error detected in the compilation of "../uart_task.c".
gmake: *** [uart_task.obj] Error 1
Building file: "../sensors/tmp007.c"
Invoking: Arm Compiler
"/home/kensus-t480/ti/ccs1210/ccs/tools/compiler/ti-cgt-arm_20.2.7.LTS/bin/armcl" -mv7M3 --code_state=16 --float_support=none -me --include_path="/home/kensus-t480/DeveloperCode/Learn-C-and-Cpp/computerSystems_2024/empty_CC2650STK_TI" --include_path="/home/kensus-t480/DeveloperCode/Learn-C-and-Cpp/computerSystems_2024/empty_CC2650STK_TI" --include_path="/home/kensus-t480/ti/tirtos_cc13xx_cc26xx_2_21_01_08/products/cc26xxware_2_24_03_17272" --include_path="/home/kensus-t480/ti/ccs1210/ccs/tools/compiler/ti-cgt-arm_20.2.7.LTS/include" --define=ccs -g --diag_warning=225 --diag_warning=255 --diag_wrap=off --display_error_number --gen_func_subsections=on --abi=eabi --preproc_with_compile --preproc_dependency="sensors/tmp007.d_raw" --obj_directory="sensors" --cmd_file="configPkg/compiler.opt"  "../sensors/tmp007.c"
Finished building: "../sensors/tmp007.c"
 
Building file: "../wireless/ERRORS.c"
Invoking: Arm Compiler
"/home/kensus-t480/ti/ccs1210/ccs/tools/compiler/ti-cgt-arm_20.2.7.LTS/bin/armcl" -mv7M3 --code_state=16 --float_support=none -me --include_path="/home/kensus-t480/DeveloperCode/Learn-C-and-Cpp/computerSystems_2024/empty_CC2650STK_TI" --include_path="/home/kensus-t480/DeveloperCode/Learn-C-and-Cpp/computerSystems_2024/empty_CC2650STK_TI" --include_path="/home/kensus-t480/ti/tirtos_cc13xx_cc26xx_2_21_01_08/products/cc26xxware_2_24_03_17272" --include_path="/home/kensus-t480/ti/ccs1210/ccs/tools/compiler/ti-cgt-arm_20.2.7.LTS/include" --define=ccs -g --diag_warning=225 --diag_warning=255 --diag_wrap=off --display_error_number --gen_func_subsections=on --abi=eabi --preproc_with_compile --preproc_dependency="wireless/ERRORS.d_raw" --obj_directory="wireless" --cmd_file="configPkg/compiler.opt"  "../wireless/ERRORS.c"
Finished building: "../wireless/ERRORS.c"
 
Building file: "../sensors/hdc1000.c"
Invoking: Arm Compiler
"/home/kensus-t480/ti/ccs1210/ccs/tools/compiler/ti-cgt-arm_20.2.7.LTS/bin/armcl" -mv7M3 --code_state=16 --float_support=none -me --include_path="/home/kensus-t480/DeveloperCode/Learn-C-and-Cpp/computerSystems_2024/empty_CC2650STK_TI" --include_path="/home/kensus-t480/DeveloperCode/Learn-C-and-Cpp/computerSystems_2024/empty_CC2650STK_TI" --include_path="/home/kensus-t480/ti/tirtos_cc13xx_cc26xx_2_21_01_08/products/cc26xxware_2_24_03_17272" --include_path="/home/kensus-t480/ti/ccs1210/ccs/tools/compiler/ti-cgt-arm_20.2.7.LTS/include" --define=ccs -g --diag_warning=225 --diag_warning=255 --diag_wrap=off --display_error_number --gen_func_subsections=on --abi=eabi --preproc_with_compile --preproc_dependency="sensors/hdc1000.d_raw" --obj_directory="sensors" --cmd_file="configPkg/compiler.opt"  "../sensors/hdc1000.c"
Finished building: "../sensors/hdc1000.c"
 
Building file: "../sensors/bmp280.c"
Invoking: Arm Compiler
"/home/kensus-t480/ti/ccs1210/ccs/tools/compiler/ti-cgt-arm_20.2.7.LTS/bin/armcl" -mv7M3 --code_state=16 --float_support=none -me --include_path="/home/kensus-t480/DeveloperCode/Learn-C-and-Cpp/computerSystems_2024/empty_CC2650STK_TI" --include_path="/home/kensus-t480/DeveloperCode/Learn-C-and-Cpp/computerSystems_2024/empty_CC2650STK_TI" --include_path="/home/kensus-t480/ti/tirtos_cc13xx_cc26xx_2_21_01_08/products/cc26xxware_2_24_03_17272" --include_path="/home/kensus-t480/ti/ccs1210/ccs/tools/compiler/ti-cgt-arm_20.2.7.LTS/include" --define=ccs -g --diag_warning=225 --diag_warning=255 --diag_wrap=off --display_error_number --gen_func_subsections=on --abi=eabi --preproc_with_compile --preproc_dependency="sensors/bmp280.d_raw" --obj_directory="sensors" --cmd_file="configPkg/compiler.opt"  "../sensors/bmp280.c"
"../wireless/CWC_IntegrTest.c", line 59: warning #112-D: statement is unreachable
Finished building: "../sensors/bmp280.c"
 
Building file: "../wireless/CWC_IntegrTest.c"
Invoking: Arm Compiler
"/home/kensus-t480/ti/ccs1210/ccs/tools/compiler/ti-cgt-arm_20.2.7.LTS/bin/armcl" -mv7M3 --code_state=16 --float_support=none -me --include_path="/home/kensus-t480/DeveloperCode/Learn-C-and-Cpp/computerSystems_2024/empty_CC2650STK_TI" --include_path="/home/kensus-t480/DeveloperCode/Learn-C-and-Cpp/computerSystems_2024/empty_CC2650STK_TI" --include_path="/home/kensus-t480/ti/tirtos_cc13xx_cc26xx_2_21_01_08/products/cc26xxware_2_24_03_17272" --include_path="/home/kensus-t480/ti/ccs1210/ccs/tools/compiler/ti-cgt-arm_20.2.7.LTS/include" --define=ccs -g --diag_warning=225 --diag_warning=255 --diag_wrap=off --display_error_number --gen_func_subsections=on --abi=eabi --preproc_with_compile --preproc_dependency="wireless/CWC_IntegrTest.d_raw" --obj_directory="wireless" --cmd_file="configPkg/compiler.opt"  "../wireless/CWC_IntegrTest.c"
Finished building: "../wireless/CWC_IntegrTest.c"
 
Building file: "../sensors/opt3001.c"
Invoking: Arm Compiler
"/home/kensus-t480/ti/ccs1210/ccs/tools/compiler/ti-cgt-arm_20.2.7.LTS/bin/armcl" -mv7M3 --code_state=16 --float_support=none -me --include_path="/home/kensus-t480/DeveloperCode/Learn-C-and-Cpp/computerSystems_2024/empty_CC2650STK_TI" --include_path="/home/kensus-t480/DeveloperCode/Learn-C-and-Cpp/computerSystems_2024/empty_CC2650STK_TI" --include_path="/home/kensus-t480/ti/tirtos_cc13xx_cc26xx_2_21_01_08/products/cc26xxware_2_24_03_17272" --include_path="/home/kensus-t480/ti/ccs1210/ccs/tools/compiler/ti-cgt-arm_20.2.7.LTS/include" --define=ccs -g --diag_warning=225 --diag_warning=255 --diag_wrap=off --display_error_number --gen_func_subsections=on --abi=eabi --preproc_with_compile --preproc_dependency="sensors/opt3001.d_raw" --obj_directory="sensors" --cmd_file="configPkg/compiler.opt"  "../sensors/opt3001.c"
Finished building: "../sensors/opt3001.c"
 
Building file: "../wireless/CWC_CC2650_154Drv.c"
Invoking: Arm Compiler
"/home/kensus-t480/ti/ccs1210/ccs/tools/compiler/ti-cgt-arm_20.2.7.LTS/bin/armcl" -mv7M3 --code_state=16 --float_support=none -me --include_path="/home/kensus-t480/DeveloperCode/Learn-C-and-Cpp/computerSystems_2024/empty_CC2650STK_TI" --include_path="/home/kensus-t480/DeveloperCode/Learn-C-and-Cpp/computerSystems_2024/empty_CC2650STK_TI" --include_path="/home/kensus-t480/ti/tirtos_cc13xx_cc26xx_2_21_01_08/products/cc26xxware_2_24_03_17272" --include_path="/home/kensus-t480/ti/ccs1210/ccs/tools/compiler/ti-cgt-arm_20.2.7.LTS/include" --define=ccs -g --diag_warning=225 --diag_warning=255 --diag_wrap=off --display_error_number --gen_func_subsections=on --abi=eabi --preproc_with_compile --preproc_dependency="wireless/CWC_CC2650_154Drv.d_raw" --obj_directory="wireless" --cmd_file="configPkg/compiler.opt"  "../wireless/CWC_CC2650_154Drv.c"
"../wireless/CWC_CC2650_154Drv.c", line 439: warning #515-D: a value of type "CWC_CC2650_IEEE154_simple_packet_struct_t *" cannot be assigned to an entity of type "uint8_t *"
"../wireless/CWC_CC2650_154Drv.c", line 447: warning #112-D: statement is unreachable
"../wireless/CWC_CC2650_154Drv.c", line 451: warning #112-D: statement is unreachable
Finished building: "../wireless/CWC_CC2650_154Drv.c"
 
Building file: "../CC2650STK.c"
Invoking: Arm Compiler
"/home/kensus-t480/ti/ccs1210/ccs/tools/compiler/ti-cgt-arm_20.2.7.LTS/bin/armcl" -mv7M3 --code_state=16 --float_support=none -me --include_path="/home/kensus-t480/DeveloperCode/Learn-C-and-Cpp/computerSystems_2024/empty_CC2650STK_TI" --include_path="/home/kensus-t480/DeveloperCode/Learn-C-and-Cpp/computerSystems_2024/empty_CC2650STK_TI" --include_path="/home/kensus-t480/ti/tirtos_cc13xx_cc26xx_2_21_01_08/products/cc26xxware_2_24_03_17272" --include_path="/home/kensus-t480/ti/ccs1210/ccs/tools/compiler/ti-cgt-arm_20.2.7.LTS/include" --define=ccs -g --diag_warning=225 --diag_warning=255 --diag_wrap=off --display_error_number --gen_func_subsections=on --abi=eabi --preproc_with_compile --preproc_dependency="CC2650STK.d_raw" --cmd_file="configPkg/compiler.opt"  "../CC2650STK.c"
Finished building: "../CC2650STK.c"
 
Building file: "../wireless/comm_lib.c"
Invoking: Arm Compiler
"/home/kensus-t480/ti/ccs1210/ccs/tools/compiler/ti-cgt-arm_20.2.7.LTS/bin/armcl" -mv7M3 --code_state=16 --float_support=none -me --include_path="/home/kensus-t480/DeveloperCode/Learn-C-and-Cpp/computerSystems_2024/empty_CC2650STK_TI" --include_path="/home/kensus-t480/DeveloperCode/Learn-C-and-Cpp/computerSystems_2024/empty_CC2650STK_TI" --include_path="/home/kensus-t480/ti/tirtos_cc13xx_cc26xx_2_21_01_08/products/cc26xxware_2_24_03_17272" --include_path="/home/kensus-t480/ti/ccs1210/ccs/tools/compiler/ti-cgt-arm_20.2.7.LTS/include" --define=ccs -g --diag_warning=225 --diag_warning=255 --diag_wrap=off --display_error_number --gen_func_subsections=on --abi=eabi --preproc_with_compile --preproc_dependency="wireless/comm_lib.d_raw" --obj_directory="wireless" --cmd_file="configPkg/compiler.opt"  "../wireless/comm_lib.c"
"../wireless/comm_lib.c", line 141: warning #169-D: argument of type "volatile uint8_t *" is incompatible with parameter of type "uint8_t *"
"../wireless/comm_lib.c", line 150: warning #515-D: a value of type "uint8_t *" cannot be assigned to an entity of type "int8_t"
"../wireless/comm_lib.c", line 158: warning #515-D: a value of type "void *" cannot be assigned to an entity of type "int32_t"
"../wireless/comm_lib.c", line 161: warning #169-D: argument of type "volatile uint8_t *" is incompatible with parameter of type "uint8_t *"
"../wireless/comm_lib.c", line 195: warning #515-D: a value of type "uint8_t *" cannot be assigned to an entity of type "rfc_dataEntryGeneral_t *"
"../wireless/comm_lib.c", line 196: warning #515-D: a value of type "uint8_t *" cannot be assigned to an entity of type "rfc_dataEntryGeneral_t *"
"../wireless/comm_lib.c", line 197: warning #169-D: argument of type "rfc_dataEntryGeneral_t *" is incompatible with parameter of type "uint8_t *"
"../wireless/comm_lib.c", line 199: warning #515-D: a value of type "rfc_dataEntryGeneral_t *" cannot be assigned to an entity of type "volatile uint8_t *"
"../wireless/comm_lib.c", line 210: warning #515-D: a value of type "uint8_t *" cannot be assigned to an entity of type "rfc_dataEntryGeneral_t *"
"../wireless/comm_lib.c", line 211: warning #515-D: a value of type "uint8_t *" cannot be assigned to an entity of type "rfc_dataEntryGeneral_t *"
"../wireless/comm_lib.c", line 212: warning #169-D: argument of type "rfc_dataEntryGeneral_t *" is incompatible with parameter of type "uint8_t *"
"../wireless/comm_lib.c", line 214: warning #515-D: a value of type "rfc_dataEntryGeneral_t *" cannot be assigned to an entity of type "volatile uint8_t *"
"../wireless/comm_lib.c", line 246: warning #515-D: a value of type "uint8_t *" cannot be assigned to an entity of type "CWC_CC2650_IEEE154_simple_packet_struct_t *"
"../wireless/comm_lib.c", line 248: warning #515-D: a value of type "uint8_t *" cannot be assigned to an entity of type "uint16_t *"
"../wireless/comm_lib.c", line 275: warning #515-D: a value of type "uint8_t *" cannot be assigned to an entity of type "rfc_dataEntryGeneral_t *"
Finished building: "../wireless/comm_lib.c"
 
Building file: "../sensors/mpu9250.c"
Invoking: Arm Compiler
"/home/kensus-t480/ti/ccs1210/ccs/tools/compiler/ti-cgt-arm_20.2.7.LTS/bin/armcl" -mv7M3 --code_state=16 --float_support=none -me --include_path="/home/kensus-t480/DeveloperCode/Learn-C-and-Cpp/computerSystems_2024/empty_CC2650STK_TI" --include_path="/home/kensus-t480/DeveloperCode/Learn-C-and-Cpp/computerSystems_2024/empty_CC2650STK_TI" --include_path="/home/kensus-t480/ti/tirtos_cc13xx_cc26xx_2_21_01_08/products/cc26xxware_2_24_03_17272" --include_path="/home/kensus-t480/ti/ccs1210/ccs/tools/compiler/ti-cgt-arm_20.2.7.LTS/include" --define=ccs -g --diag_warning=225 --diag_warning=255 --diag_wrap=off --display_error_number --gen_func_subsections=on --abi=eabi --preproc_with_compile --preproc_dependency="sensors/mpu9250.d_raw" --obj_directory="sensors" --cmd_file="configPkg/compiler.opt"  "../sensors/mpu9250.c"
Finished building: "../sensors/mpu9250.c"
 
gmake: Target 'all' not remade because of errors.

**** Build Finished ****

**** Clean-only build of configuration Debug for project empty_CC2650STK_TI ****

/home/kensus-t480/ti/ccs1210/ccs/utils/bin/gmake -k -j 8 clean -O 
 
cleaning ../src/sysbios ...
rm -rf  "configPkg/linker.cmd" "configPkg/compiler.opt"  "empty_CC2650STK_TI.out" 
rm -rf "CC2650STK.obj" "ccfg.obj" "uart_task.obj" "sensors/bmp280.obj" "sensors/hdc1000.obj" "sensors/mpu9250.obj" "sensors/opt3001.obj" "sensors/tmp007.obj" "wireless/CWC_CC2650_154Drv.obj" "wireless/CWC_IntegrTest.obj" "wireless/ERRORS.obj" "wireless/comm_lib.obj" 
rm -rf "CC2650STK.d" "ccfg.d" "uart_task.d" "sensors/bmp280.d" "sensors/hdc1000.d" "sensors/mpu9250.d" "sensors/opt3001.d" "sensors/tmp007.d" "wireless/CWC_CC2650_154Drv.d" "wireless/CWC_IntegrTest.d" "wireless/ERRORS.d" "wireless/comm_lib.d" 
rm -rf  "configPkg" 
Finished clean
 

**** Build Finished ****

**** Clean-only build of configuration Debug for project empty_CC2650STK_TI ****

/home/kensus-t480/ti/ccs1210/ccs/utils/bin/gmake -k -j 8 clean -O 
 
rm -rf  "configPkg/linker.cmd" "configPkg/compiler.opt"  "empty_CC2650STK_TI.out" 
rm -rf "CC2650STK.obj" "ccfg.obj" "uart_task.obj" "sensors/bmp280.obj" "sensors/hdc1000.obj" "sensors/mpu9250.obj" "sensors/opt3001.obj" "sensors/tmp007.obj" "wireless/CWC_CC2650_154Drv.obj" "wireless/CWC_IntegrTest.obj" "wireless/ERRORS.obj" "wireless/comm_lib.obj" 
rm -rf "CC2650STK.d" "ccfg.d" "uart_task.d" "sensors/bmp280.d" "sensors/hdc1000.d" "sensors/mpu9250.d" "sensors/opt3001.d" "sensors/tmp007.d" "wireless/CWC_CC2650_154Drv.d" "wireless/CWC_IntegrTest.d" "wireless/ERRORS.d" "wireless/comm_lib.d" 
rm -rf  "configPkg" 
Finished clean
 

**** Build Finished ****

**** Build of configuration Debug for project empty_CC2650STK_TI ****

/home/kensus-t480/ti/ccs1210/ccs/utils/bin/gmake -k -j 8 all -O 
 
Building file: "../empty.cfg"
Invoking: XDCtools
"/home/kensus-t480/ti/xdctools_3_32_00_06_core/xs" --xdcpath="/home/kensus-t480/ti/tirtos_cc13xx_cc26xx_2_21_01_08/packages;/home/kensus-t480/ti/tirtos_cc13xx_cc26xx_2_21_01_08/products/tidrivers_cc13xx_cc26xx_2_21_01_01/packages;/home/kensus-t480/ti/tirtos_cc13xx_cc26xx_2_21_01_08/products/bios_6_46_01_38/packages;/home/kensus-t480/ti/tirtos_cc13xx_cc26xx_2_21_01_08/products/uia_2_01_00_01/packages;" xdc.tools.configuro -o configPkg -t ti.targets.arm.elf.M3 -p ti.platforms.simplelink:CC2650F128 -r release -c "/home/kensus-t480/ti/ccs1210/ccs/tools/compiler/ti-cgt-arm_20.2.7.LTS" --compileOptions "-mv7M3 --code_state=16 --float_support=none -me --include_path=\"/home/kensus-t480/DeveloperCode/Learn-C-and-Cpp/computerSystems_2024/empty_CC2650STK_TI\" --include_path=\"/home/kensus-t480/DeveloperCode/Learn-C-and-Cpp/computerSystems_2024/empty_CC2650STK_TI\" --include_path=\"/home/kensus-t480/ti/tirtos_cc13xx_cc26xx_2_21_01_08/products/cc26xxware_2_24_03_17272\" --include_path=\"/home/kensus-t480/ti/ccs1210/ccs/tools/compiler/ti-cgt-arm_20.2.7.LTS/include\" --define=ccs -g --diag_warning=225 --diag_warning=255 --diag_wrap=off --display_error_number --gen_func_subsections=on --abi=eabi  " "../empty.cfg"
making package.mak (because of package.bld) ...
generating interfaces for package configPkg (because package/package.xdc.inc is older than package.xdc) ...
configuring empty.xem3 from package/cfg/empty_pem3.cfg ...
generating custom ROM library makefile ... 
Starting build of library sources ...
making /home/kensus-t480/DeveloperCode/Learn-C-and-Cpp/computerSystems_2024/empty_CC2650STK_TI/src/sysbios/rom_sysbios.aem3 ...
gmake[1]: Entering directory `/home/kensus-t480/DeveloperCode/Learn-C-and-Cpp/computerSystems_2024/empty_CC2650STK_TI/src/sysbios'
clem3 /home/kensus-t480/ti/tirtos_cc13xx_cc26xx_2_21_01_08/products/bios_6_46_01_38/packages/ti/sysbios/BIOS.c ...
asmem3 /home/kensus-t480/ti/tirtos_cc13xx_cc26xx_2_21_01_08/products/bios_6_46_01_38/packages/ti/sysbios/family/arm/m3/Hwi_asm.sv7M ...
asmem3 /home/kensus-t480/ti/tirtos_cc13xx_cc26xx_2_21_01_08/products/bios_6_46_01_38/packages/ti/sysbios/family/arm/m3/Hwi_asm_switch.sv7M ...
asmem3 /home/kensus-t480/ti/tirtos_cc13xx_cc26xx_2_21_01_08/products/bios_6_46_01_38/packages/ti/sysbios/family/arm/m3/IntrinsicsSupport_asm.sv7M ...
asmem3 /home/kensus-t480/ti/tirtos_cc13xx_cc26xx_2_21_01_08/products/bios_6_46_01_38/packages/ti/sysbios/family/arm/m3/TaskSupport_asm.sv7M ...
arem3 rom_sysbios.obj m3_Hwi_asm.obj m3_Hwi_asm_switch.obj m3_IntrinsicsSupport_asm.obj m3_TaskSupport_asm.obj ...
gmake[1]: Leaving directory `/home/kensus-t480/DeveloperCode/Learn-C-and-Cpp/computerSystems_2024/empty_CC2650STK_TI/src/sysbios'
Build of libraries done.
clem3 package/cfg/empty_pem3.c ...
"package/cfg/empty_pem3.c", line 7971: warning #112-D: statement is unreachable
Finished building: "../empty.cfg"
 
making ../src/sysbios/rom_sysbios.aem3 ...
gmake[1]: Nothing to be done for 'all'.
Building file: "../ccfg.c"
Invoking: Arm Compiler
"/home/kensus-t480/ti/ccs1210/ccs/tools/compiler/ti-cgt-arm_20.2.7.LTS/bin/armcl" -mv7M3 --code_state=16 --float_support=none -me --include_path="/home/kensus-t480/DeveloperCode/Learn-C-and-Cpp/computerSystems_2024/empty_CC2650STK_TI" --include_path="/home/kensus-t480/DeveloperCode/Learn-C-and-Cpp/computerSystems_2024/empty_CC2650STK_TI" --include_path="/home/kensus-t480/ti/tirtos_cc13xx_cc26xx_2_21_01_08/products/cc26xxware_2_24_03_17272" --include_path="/home/kensus-t480/ti/ccs1210/ccs/tools/compiler/ti-cgt-arm_20.2.7.LTS/include" --define=ccs -g --diag_warning=225 --diag_warning=255 --diag_wrap=off --display_error_number --gen_func_subsections=on --abi=eabi --preproc_with_compile --preproc_dependency="ccfg.d_raw" --cmd_file="configPkg/compiler.opt"  "../ccfg.c"
Finished building: "../ccfg.c"
 
Building file: "../sensors/tmp007.c"
Invoking: Arm Compiler
"/home/kensus-t480/ti/ccs1210/ccs/tools/compiler/ti-cgt-arm_20.2.7.LTS/bin/armcl" -mv7M3 --code_state=16 --float_support=none -me --include_path="/home/kensus-t480/DeveloperCode/Learn-C-and-Cpp/computerSystems_2024/empty_CC2650STK_TI" --include_path="/home/kensus-t480/DeveloperCode/Learn-C-and-Cpp/computerSystems_2024/empty_CC2650STK_TI" --include_path="/home/kensus-t480/ti/tirtos_cc13xx_cc26xx_2_21_01_08/products/cc26xxware_2_24_03_17272" --include_path="/home/kensus-t480/ti/ccs1210/ccs/tools/compiler/ti-cgt-arm_20.2.7.LTS/include" --define=ccs -g --diag_warning=225 --diag_warning=255 --diag_wrap=off --display_error_number --gen_func_subsections=on --abi=eabi --preproc_with_compile --preproc_dependency="sensors/tmp007.d_raw" --obj_directory="sensors" --cmd_file="configPkg/compiler.opt"  "../sensors/tmp007.c"
Finished building: "../sensors/tmp007.c"
 
Building file: "../sensors/bmp280.c"
Invoking: Arm Compiler
"/home/kensus-t480/ti/ccs1210/ccs/tools/compiler/ti-cgt-arm_20.2.7.LTS/bin/armcl" -mv7M3 --code_state=16 --float_support=none -me --include_path="/home/kensus-t480/DeveloperCode/Learn-C-and-Cpp/computerSystems_2024/empty_CC2650STK_TI" --include_path="/home/kensus-t480/DeveloperCode/Learn-C-and-Cpp/computerSystems_2024/empty_CC2650STK_TI" --include_path="/home/kensus-t480/ti/tirtos_cc13xx_cc26xx_2_21_01_08/products/cc26xxware_2_24_03_17272" --include_path="/home/kensus-t480/ti/ccs1210/ccs/tools/compiler/ti-cgt-arm_20.2.7.LTS/include" --define=ccs -g --diag_warning=225 --diag_warning=255 --diag_wrap=off --display_error_number --gen_func_subsections=on --abi=eabi --preproc_with_compile --preproc_dependency="sensors/bmp280.d_raw" --obj_directory="sensors" --cmd_file="configPkg/compiler.opt"  "../sensors/bmp280.c"
Finished building: "../sensors/bmp280.c"
 
Building file: "../sensors/hdc1000.c"
Invoking: Arm Compiler
"/home/kensus-t480/ti/ccs1210/ccs/tools/compiler/ti-cgt-arm_20.2.7.LTS/bin/armcl" -mv7M3 --code_state=16 --float_support=none -me --include_path="/home/kensus-t480/DeveloperCode/Learn-C-and-Cpp/computerSystems_2024/empty_CC2650STK_TI" --include_path="/home/kensus-t480/DeveloperCode/Learn-C-and-Cpp/computerSystems_2024/empty_CC2650STK_TI" --include_path="/home/kensus-t480/ti/tirtos_cc13xx_cc26xx_2_21_01_08/products/cc26xxware_2_24_03_17272" --include_path="/home/kensus-t480/ti/ccs1210/ccs/tools/compiler/ti-cgt-arm_20.2.7.LTS/include" --define=ccs -g --diag_warning=225 --diag_warning=255 --diag_wrap=off --display_error_number --gen_func_subsections=on --abi=eabi --preproc_with_compile --preproc_dependency="sensors/hdc1000.d_raw" --obj_directory="sensors" --cmd_file="configPkg/compiler.opt"  "../sensors/hdc1000.c"
Finished building: "../sensors/hdc1000.c"
 
Building file: "../wireless/ERRORS.c"
Invoking: Arm Compiler
"/home/kensus-t480/ti/ccs1210/ccs/tools/compiler/ti-cgt-arm_20.2.7.LTS/bin/armcl" -mv7M3 --code_state=16 --float_support=none -me --include_path="/home/kensus-t480/DeveloperCode/Learn-C-and-Cpp/computerSystems_2024/empty_CC2650STK_TI" --include_path="/home/kensus-t480/DeveloperCode/Learn-C-and-Cpp/computerSystems_2024/empty_CC2650STK_TI" --include_path="/home/kensus-t480/ti/tirtos_cc13xx_cc26xx_2_21_01_08/products/cc26xxware_2_24_03_17272" --include_path="/home/kensus-t480/ti/ccs1210/ccs/tools/compiler/ti-cgt-arm_20.2.7.LTS/include" --define=ccs -g --diag_warning=225 --diag_warning=255 --diag_wrap=off --display_error_number --gen_func_subsections=on --abi=eabi --preproc_with_compile --preproc_dependency="wireless/ERRORS.d_raw" --obj_directory="wireless" --cmd_file="configPkg/compiler.opt"  "../wireless/ERRORS.c"
Finished building: "../wireless/ERRORS.c"
 
Building file: "../task_example.c"
Invoking: Arm Compiler
"/home/kensus-t480/ti/ccs1210/ccs/tools/compiler/ti-cgt-arm_20.2.7.LTS/bin/armcl" -mv7M3 --code_state=16 --float_support=none -me --include_path="/home/kensus-t480/DeveloperCode/Learn-C-and-Cpp/computerSystems_2024/empty_CC2650STK_TI" --include_path="/home/kensus-t480/DeveloperCode/Learn-C-and-Cpp/computerSystems_2024/empty_CC2650STK_TI" --include_path="/home/kensus-t480/ti/tirtos_cc13xx_cc26xx_2_21_01_08/products/cc26xxware_2_24_03_17272" --include_path="/home/kensus-t480/ti/ccs1210/ccs/tools/compiler/ti-cgt-arm_20.2.7.LTS/include" --define=ccs -g --diag_warning=225 --diag_warning=255 --diag_wrap=off --display_error_number --gen_func_subsections=on --abi=eabi --preproc_with_compile --preproc_dependency="task_example.d_raw" --cmd_file="configPkg/compiler.opt"  "../task_example.c"
Finished building: "../task_example.c"
 
Building file: "../sensors/opt3001.c"
Invoking: Arm Compiler
"/home/kensus-t480/ti/ccs1210/ccs/tools/compiler/ti-cgt-arm_20.2.7.LTS/bin/armcl" -mv7M3 --code_state=16 --float_support=none -me --include_path="/home/kensus-t480/DeveloperCode/Learn-C-and-Cpp/computerSystems_2024/empty_CC2650STK_TI" --include_path="/home/kensus-t480/DeveloperCode/Learn-C-and-Cpp/computerSystems_2024/empty_CC2650STK_TI" --include_path="/home/kensus-t480/ti/tirtos_cc13xx_cc26xx_2_21_01_08/products/cc26xxware_2_24_03_17272" --include_path="/home/kensus-t480/ti/ccs1210/ccs/tools/compiler/ti-cgt-arm_20.2.7.LTS/include" --define=ccs -g --diag_warning=225 --diag_warning=255 --diag_wrap=off --display_error_number --gen_func_subsections=on --abi=eabi --preproc_with_compile --preproc_dependency="sensors/opt3001.d_raw" --obj_directory="sensors" --cmd_file="configPkg/compiler.opt"  "../sensors/opt3001.c"
Finished building: "../sensors/opt3001.c"
 
Building file: "../wireless/CWC_CC2650_154Drv.c"
Invoking: Arm Compiler
"/home/kensus-t480/ti/ccs1210/ccs/tools/compiler/ti-cgt-arm_20.2.7.LTS/bin/armcl" -mv7M3 --code_state=16 --float_support=none -me --include_path="/home/kensus-t480/DeveloperCode/Learn-C-and-Cpp/computerSystems_2024/empty_CC2650STK_TI" --include_path="/home/kensus-t480/DeveloperCode/Learn-C-and-Cpp/computerSystems_2024/empty_CC2650STK_TI" --include_path="/home/kensus-t480/ti/tirtos_cc13xx_cc26xx_2_21_01_08/products/cc26xxware_2_24_03_17272" --include_path="/home/kensus-t480/ti/ccs1210/ccs/tools/compiler/ti-cgt-arm_20.2.7.LTS/include" --define=ccs -g --diag_warning=225 --diag_warning=255 --diag_wrap=off --display_error_number --gen_func_subsections=on --abi=eabi --preproc_with_compile --preproc_dependency="wireless/CWC_CC2650_154Drv.d_raw" --obj_directory="wireless" --cmd_file="configPkg/compiler.opt"  "../wireless/CWC_CC2650_154Drv.c"
"../wireless/CWC_CC2650_154Drv.c", line 439: warning #515-D: a value of type "CWC_CC2650_IEEE154_simple_packet_struct_t *" cannot be assigned to an entity of type "uint8_t *"
"../wireless/CWC_CC2650_154Drv.c", line 447: warning #112-D: statement is unreachable
"../wireless/CWC_CC2650_154Drv.c", line 451: warning #112-D: statement is unreachable
Finished building: "../wireless/CWC_CC2650_154Drv.c"
 
Building file: "../wireless/CWC_IntegrTest.c"
Invoking: Arm Compiler
"/home/kensus-t480/ti/ccs1210/ccs/tools/compiler/ti-cgt-arm_20.2.7.LTS/bin/armcl" -mv7M3 --code_state=16 --float_support=none -me --include_path="/home/kensus-t480/DeveloperCode/Learn-C-and-Cpp/computerSystems_2024/empty_CC2650STK_TI" --include_path="/home/kensus-t480/DeveloperCode/Learn-C-and-Cpp/computerSystems_2024/empty_CC2650STK_TI" --include_path="/home/kensus-t480/ti/tirtos_cc13xx_cc26xx_2_21_01_08/products/cc26xxware_2_24_03_17272" --include_path="/home/kensus-t480/ti/ccs1210/ccs/tools/compiler/ti-cgt-arm_20.2.7.LTS/include" --define=ccs -g --diag_warning=225 --diag_warning=255 --diag_wrap=off --display_error_number --gen_func_subsections=on --abi=eabi --preproc_with_compile --preproc_dependency="wireless/CWC_IntegrTest.d_raw" --obj_directory="wireless" --cmd_file="configPkg/compiler.opt"  "../wireless/CWC_IntegrTest.c"
"../wireless/CWC_IntegrTest.c", line 59: warning #112-D: statement is unreachable
Finished building: "../wireless/CWC_IntegrTest.c"
 
Building file: "../CC2650STK.c"
Invoking: Arm Compiler
"/home/kensus-t480/ti/ccs1210/ccs/tools/compiler/ti-cgt-arm_20.2.7.LTS/bin/armcl" -mv7M3 --code_state=16 --float_support=none -me --include_path="/home/kensus-t480/DeveloperCode/Learn-C-and-Cpp/computerSystems_2024/empty_CC2650STK_TI" --include_path="/home/kensus-t480/DeveloperCode/Learn-C-and-Cpp/computerSystems_2024/empty_CC2650STK_TI" --include_path="/home/kensus-t480/ti/tirtos_cc13xx_cc26xx_2_21_01_08/products/cc26xxware_2_24_03_17272" --include_path="/home/kensus-t480/ti/ccs1210/ccs/tools/compiler/ti-cgt-arm_20.2.7.LTS/include" --define=ccs -g --diag_warning=225 --diag_warning=255 --diag_wrap=off --display_error_number --gen_func_subsections=on --abi=eabi --preproc_with_compile --preproc_dependency="CC2650STK.d_raw" --cmd_file="configPkg/compiler.opt"  "../CC2650STK.c"
Finished building: "../CC2650STK.c"
 
Building file: "../wireless/comm_lib.c"
Invoking: Arm Compiler
"/home/kensus-t480/ti/ccs1210/ccs/tools/compiler/ti-cgt-arm_20.2.7.LTS/bin/armcl" -mv7M3 --code_state=16 --float_support=none -me --include_path="/home/kensus-t480/DeveloperCode/Learn-C-and-Cpp/computerSystems_2024/empty_CC2650STK_TI" --include_path="/home/kensus-t480/DeveloperCode/Learn-C-and-Cpp/computerSystems_2024/empty_CC2650STK_TI" --include_path="/home/kensus-t480/ti/tirtos_cc13xx_cc26xx_2_21_01_08/products/cc26xxware_2_24_03_17272" --include_path="/home/kensus-t480/ti/ccs1210/ccs/tools/compiler/ti-cgt-arm_20.2.7.LTS/include" --define=ccs -g --diag_warning=225 --diag_warning=255 --diag_wrap=off --display_error_number --gen_func_subsections=on --abi=eabi --preproc_with_compile --preproc_dependency="wireless/comm_lib.d_raw" --obj_directory="wireless" --cmd_file="configPkg/compiler.opt"  "../wireless/comm_lib.c"
"../wireless/comm_lib.c", line 141: warning #169-D: argument of type "volatile uint8_t *" is incompatible with parameter of type "uint8_t *"
"../wireless/comm_lib.c", line 150: warning #515-D: a value of type "uint8_t *" cannot be assigned to an entity of type "int8_t"
"../wireless/comm_lib.c", line 158: warning #515-D: a value of type "void *" cannot be assigned to an entity of type "int32_t"
"../wireless/comm_lib.c", line 161: warning #169-D: argument of type "volatile uint8_t *" is incompatible with parameter of type "uint8_t *"
"../wireless/comm_lib.c", line 195: warning #515-D: a value of type "uint8_t *" cannot be assigned to an entity of type "rfc_dataEntryGeneral_t *"
"../wireless/comm_lib.c", line 196: warning #515-D: a value of type "uint8_t *" cannot be assigned to an entity of type "rfc_dataEntryGeneral_t *"
"../wireless/comm_lib.c", line 197: warning #169-D: argument of type "rfc_dataEntryGeneral_t *" is incompatible with parameter of type "uint8_t *"
"../wireless/comm_lib.c", line 199: warning #515-D: a value of type "rfc_dataEntryGeneral_t *" cannot be assigned to an entity of type "volatile uint8_t *"
"../wireless/comm_lib.c", line 210: warning #515-D: a value of type "uint8_t *" cannot be assigned to an entity of type "rfc_dataEntryGeneral_t *"
"../wireless/comm_lib.c", line 211: warning #515-D: a value of type "uint8_t *" cannot be assigned to an entity of type "rfc_dataEntryGeneral_t *"
"../wireless/comm_lib.c", line 212: warning #169-D: argument of type "rfc_dataEntryGeneral_t *" is incompatible with parameter of type "uint8_t *"
"../wireless/comm_lib.c", line 214: warning #515-D: a value of type "rfc_dataEntryGeneral_t *" cannot be assigned to an entity of type "volatile uint8_t *"
"../wireless/comm_lib.c", line 246: warning #515-D: a value of type "uint8_t *" cannot be assigned to an entity of type "CWC_CC2650_IEEE154_simple_packet_struct_t *"
"../wireless/comm_lib.c", line 248: warning #515-D: a value of type "uint8_t *" cannot be assigned to an entity of type "uint16_t *"
"../wireless/comm_lib.c", line 275: warning #515-D: a value of type "uint8_t *" cannot be assigned to an entity of type "rfc_dataEntryGeneral_t *"
Finished building: "../wireless/comm_lib.c"
 
Building file: "../sensors/mpu9250.c"
Invoking: Arm Compiler
"/home/kensus-t480/ti/ccs1210/ccs/tools/compiler/ti-cgt-arm_20.2.7.LTS/bin/armcl" -mv7M3 --code_state=16 --float_support=none -me --include_path="/home/kensus-t480/DeveloperCode/Learn-C-and-Cpp/computerSystems_2024/empty_CC2650STK_TI" --include_path="/home/kensus-t480/DeveloperCode/Learn-C-and-Cpp/computerSystems_2024/empty_CC2650STK_TI" --include_path="/home/kensus-t480/ti/tirtos_cc13xx_cc26xx_2_21_01_08/products/cc26xxware_2_24_03_17272" --include_path="/home/kensus-t480/ti/ccs1210/ccs/tools/compiler/ti-cgt-arm_20.2.7.LTS/include" --define=ccs -g --diag_warning=225 --diag_warning=255 --diag_wrap=off --display_error_number --gen_func_subsections=on --abi=eabi --preproc_with_compile --preproc_dependency="sensors/mpu9250.d_raw" --obj_directory="sensors" --cmd_file="configPkg/compiler.opt"  "../sensors/mpu9250.c"
Finished building: "../sensors/mpu9250.c"
 
making ../src/sysbios/rom_sysbios.aem3 ...
gmake[2]: Nothing to be done for 'all'.
Building target: "empty_CC2650STK_TI.out"
Invoking: Arm Linker
"/home/kensus-t480/ti/ccs1210/ccs/tools/compiler/ti-cgt-arm_20.2.7.LTS/bin/armcl" -mv7M3 --code_state=16 --float_support=none -me --define=ccs -g --diag_warning=225 --diag_warning=255 --diag_wrap=off --display_error_number --gen_func_subsections=on --abi=eabi -z -m"empty_CC2650STK_TI.map" --heap_size=0 --stack_size=256 -i"/home/kensus-t480/ti/ccs1210/ccs/tools/compiler/ti-cgt-arm_20.2.7.LTS/lib" -i"/home/kensus-t480/ti/ccs1210/ccs/tools/compiler/ti-cgt-arm_20.2.7.LTS/include" --reread_libs --diag_wrap=off --display_error_number --warn_sections --xml_link_info="empty_CC2650STK_TI_linkInfo.xml" --rom_model -o "empty_CC2650STK_TI.out" "./CC2650STK.obj" "./ccfg.obj" "./task_example.obj" "./sensors/bmp280.obj" "./sensors/hdc1000.obj" "./sensors/mpu9250.obj" "./sensors/opt3001.obj" "./sensors/tmp007.obj" "./wireless/CWC_CC2650_154Drv.obj" "./wireless/CWC_IntegrTest.obj" "./wireless/ERRORS.obj" "./wireless/comm_lib.obj" "../CC2650STK.cmd" -l"configPkg/linker.cmd"  -l"/home/kensus-t480/ti/tirtos_cc13xx_cc26xx_2_21_01_08/products/cc26xxware_2_24_03_17272/driverlib/bin/ccs/driverlib.lib" -llibc.a 
<Linking>
Finished building target: "empty_CC2650STK_TI.out"
 

**** Build Finished ****

**** Build of configuration Debug for project empty_CC2650STK_TI ****

/home/kensus-t480/ti/ccs1210/ccs/utils/bin/gmake -k -j 8 all -O 
 
making ../src/sysbios/rom_sysbios.aem3 ...
gmake[1]: Nothing to be done for 'all'.
making ../src/sysbios/rom_sysbios.aem3 ...
gmake[2]: Nothing to be done for 'all'.

**** Build Finished ****

**** Build of configuration Debug for project empty_CC2650STK_TI ****

/home/kensus-t480/ti/ccs1210/ccs/utils/bin/gmake -k -j 8 all -O 
 
making ../src/sysbios/rom_sysbios.aem3 ...
gmake[1]: Nothing to be done for 'all'.
making ../src/sysbios/rom_sysbios.aem3 ...
gmake[2]: Nothing to be done for 'all'.

**** Build Finished ****
